This is pdfTeX, Version 3.14159265-2.6-1.40.20 (TeX Live 2019/Debian) (preloaded format=pdflatex 2022.5.29)  29 MAY 2022 14:05
entering extended mode
 \write18 enabled.
 %&-line parsing enabled.
**std.tex
(./std.tex
LaTeX2e <2020-02-02> patch level 2
L3 programming layer <2020-02-14>
(/usr/share/texlive/texmf-dist/tex/latex/memoir/memoir.cls
Document Class: memoir 2019/11/21 v3.7j configurable book, report, article docu
ment class
\onelineskip=\skip47
\lxvchars=\skip48
\xlvchars=\skip49
\@memcnta=\count167
\c@@memmarkcntra=\count168
LaTeX Info: Redefining \InputIfFileExists on input line 140.
(/usr/share/texlive/texmf-dist/tex/generic/iftex/iftex.sty
Package: iftex 2019/11/07 v1.0c TeX engine tests
)
\stockheight=\skip50
\stockwidth=\skip51
\trimtop=\skip52
\trimedge=\skip53

(/usr/share/texlive/texmf-dist/tex/latex/memoir/mem10.clo
File: mem10.clo 2008/01/30 v0.3 memoir class 10pt size option
)
\binding=\skip54
\spinemargin=\skip55
\foremargin=\skip56
\uppermargin=\skip57
\lowermargin=\skip58
\headdrop=\skip59
\normalrulethickness=\skip60
\mem@maxheadheight=\skip61
\mem@maxfootheight=\skip62
\headwidth=\skip63
\c@storedpagenumber=\count169
\memPD=\dimen134
\m@mabparskip=\skip64
\thanksmarkwidth=\skip65
\thanksmarksep=\skip66
\droptitle=\skip67
\c@book=\count170
\c@part=\count171
\c@chapter=\count172
\c@section=\count173
\c@subsection=\count174
\c@subsubsection=\count175
\c@paragraph=\count176
\c@subparagraph=\count177
\beforechapskip=\skip68
\midchapskip=\skip69
\afterchapskip=\skip70
\chapindent=\skip71
\bottomsectionskip=\skip72
\secindent=\skip73
\beforesecskip=\skip74
\aftersecskip=\skip75
\subsecindent=\skip76
\beforesubsecskip=\skip77
\aftersubsecskip=\skip78
\subsubsecindent=\skip79
\beforesubsubsecskip=\skip80
\aftersubsubsecskip=\skip81
\paraindent=\skip82
\beforeparaskip=\skip83
\afterparaskip=\skip84
\subparaindent=\skip85
\beforesubparaskip=\skip86
\aftersubparaskip=\skip87
\pfbreakskip=\skip88
\c@@ppsavesec=\count178
\c@@ppsaveapp=\count179
\ragrparindent=\dimen135
\everylistparindent=\dimen136
\parsepi=\skip89
\topsepi=\skip90
\itemsepi=\skip91
\parsepii=\skip92
\topsepii=\skip93
\topsepiii=\skip94
\itemsepii=\skip95
\itemsepiii=\skip96
\partopsepii=\skip97
\partopsepiii=\skip98
\m@msavetopsep=\skip99
\m@msavepartopsep=\skip100
\@enLab=\toks14
\abstitleskip=\skip101
\absleftindent=\skip102
\abs@leftindent=\dimen137
\absrightindent=\skip103
\absparindent=\skip104
\absparsep=\skip105
\c@vslineno=\count180
\c@poemline=\count181
\c@modulo@vs=\count182
\c@memfvsline=\count183
\vleftskip=\skip106
\vrightskip=\skip107
\stanzaskip=\skip108
\versewidth=\skip109
\vgap=\skip110
\vindent=\skip111
\vleftmargin=\dimen138
\c@verse=\count184
\c@chrsinstr=\count185
\beforepoemtitleskip=\skip112
\afterpoemtitleskip=\skip113
\c@poem=\count186
\beforePoemTitleskip=\skip114
\midPoemTitleskip=\skip115
\afterPoemTitleskip=\skip116

(/usr/share/texlive/texmf-dist/tex/latex/tools/array.sty
Package: array 2019/08/31 v2.4l Tabular extension package (FMi)
\col@sep=\dimen139
\ar@mcellbox=\box45
\extrarowheight=\dimen140
\NC@list=\toks15
\extratabsurround=\skip117
\backup@length=\skip118
\ar@cellbox=\box46
)
(/usr/share/texlive/texmf-dist/tex/latex/tools/dcolumn.sty
Package: dcolumn 2014/10/28 v1.06 decimal alignment package (DPC)
)
(/usr/share/texlive/texmf-dist/tex/latex/tools/delarray.sty
Package: delarray 2014/10/28 v1.01 array delimiter package (DPC)
)
(/usr/share/texlive/texmf-dist/tex/latex/tools/tabularx.sty
Package: tabularx 2020/01/15 v2.11c `tabularx' package (DPC)
\TX@col@width=\dimen141
\TX@old@table=\dimen142
\TX@old@col=\dimen143
\TX@target=\dimen144
\TX@delta=\dimen145
\TX@cols=\count187
\TX@ftn=\toks16
)
\heavyrulewidth=\dimen146
\lightrulewidth=\dimen147
\cmidrulewidth=\dimen148
\belowrulesep=\dimen149
\belowbottomsep=\dimen150
\aboverulesep=\dimen151
\abovetopsep=\dimen152
\cmidrulesep=\dimen153
\cmidrulekern=\dimen154
\defaultaddspace=\dimen155
\@cmidla=\count188
\@cmidlb=\count189
\@aboverulesep=\dimen156
\@belowrulesep=\dimen157
\@thisruleclass=\count190
\@lastruleclass=\count191
\@thisrulewidth=\dimen158
\ctableftskip=\skip119
\ctabrightskip=\skip120
\abovecolumnspenalty=\count192
\@linestogo=\count193
\@cellstogo=\count194
\@cellsincolumn=\count195
\crtok=\toks17
\@mincolumnwidth=\dimen159
\c@newflo@tctr=\count196
\mem@margin@floatbox=\box47
\@contcwidth=\skip121
\@contindw=\skip122
\abovecaptionskip=\skip123
\belowcaptionskip=\skip124
\subfloattopskip=\skip125
\subfloatcapskip=\skip126
\subfloatcaptopadj=\skip127
\subfloatbottomskip=\skip128
\subfloatlabelskip=\skip129
\subfloatcapmargin=\dimen160
\c@@contsubnum=\count197
\m@mscap@capbox=\box48
\m@mscap@fbox=\box49
\sidecapsep=\dimen161
\sidecapwidth=\dimen162
\m@m@tempdima=\dimen163
\m@mscapraise=\dimen164
\sidecapraise=\dimen165
\m@mscapmainwidth=\dimen166
\m@mscaplkern=\dimen167
\beforeepigraphskip=\skip130
\afterepigraphskip=\skip131
\epigraphwidth=\skip132
\epigraphrule=\skip133
LaTeX Info: Redefining \em on input line 7662.
LaTeX Info: Redefining \emph on input line 7670.
\tocentryskip=\skip134
\tocbaseline=\skip135
\cftparskip=\skip136
\cftbeforebookskip=\skip137
\cftbookindent=\dimen168
\cftbooknumwidth=\dimen169
\cftbeforepartskip=\skip138
\cftpartindent=\skip139
\cftpartnumwidth=\skip140
\cftbeforechapterskip=\skip141
\cftchapterindent=\skip142
\cftchapternumwidth=\skip143
\cftbeforesectionskip=\skip144
\cftsectionindent=\skip145
\cftsectionnumwidth=\skip146
\cftbeforesubsectionskip=\skip147
\cftsubsectionindent=\skip148
\cftsubsectionnumwidth=\skip149
\cftbeforesubsubsectionskip=\skip150
\cftsubsubsectionindent=\skip151
\cftsubsubsectionnumwidth=\skip152
\cftbeforeparagraphskip=\skip153
\cftparagraphindent=\skip154
\cftparagraphnumwidth=\skip155
\cftbeforesubparagraphskip=\skip156
\cftsubparagraphindent=\skip157
\cftsubparagraphnumwidth=\skip158
\prechapterprecisshift=\dimen170
\c@maxsecnumdepth=\count198
\bibindent=\dimen171
\bibitemsep=\skip159
\indexcolsep=\skip160
\indexrule=\skip161
\indexmarkstyle=\toks18
\@indexbox=\insert199
\glossarycolsep=\dimen172
\glossaryrule=\dimen173
\sideparvshift=\skip162
\sideins=\insert252
\sidebartopsep=\skip163
\sidebarhsep=\skip164
\sidebarvsep=\skip165
\sidebarwidth=\skip166
\footmarkwidth=\skip167
\footmarksep=\skip168
\footparindent=\skip169
\footinsdim=\skip170
\footinsv@r=\insert251
\@mpfootinsv@r=\insert250
\m@m@k=\count266
\m@m@h=\dimen174
\m@mipn@skip=\skip171
\sidefootins=\insert249
\sidefootadjust=\skip172
\sidefootheight=\skip173
\sidefoothsep=\skip174
\sidefootvsep=\skip175
\sidefootwidth=\skip176
\m@mdownsf=\skip177
\c@sidefootnote=\count267
\sidefootmarkwidth=\skip178
\sidefootmarksep=\skip179
\sidefootparindent=\skip180
\c@pagenote=\count268
\c@pagenoteshadow=\count269
\mem@pn@lastkern=\skip181
\every@verbatim=\toks19
\afterevery@verbatim=\toks20
\verbatim@line=\toks21
\tab@position=\count270
\verbatim@in@stream=\read2
\verbatimindent=\skip182
\verbatim@out=\write3
\bvboxsep=\skip183
\c@memfbvline=\count271
\c@bvlinectr=\count272
\bvnumlength=\skip184
\fb@frw=\dimen175
\fb@frh=\dimen176
\FrameRule=\dimen177
\FrameSep=\dimen178
\c@cp@cntr=\count273
LaTeX Info: Redefining \: on input line 12187.
LaTeX Info: Redefining \! on input line 12189.
\c@ism@mctr=\count274
\c@xsm@mctr=\count275
\c@csm@mctr=\count276
\c@ksm@mctr=\count277
\c@xksm@mctr=\count278
\c@cksm@mctr=\count279
\c@msm@mctr=\count280
\c@xmsm@mctr=\count281
\c@cmsm@mctr=\count282
\c@bsm@mctr=\count283
\c@workm@mctr=\count284
\c@sheetsequence=\count285
\c@lastsheet=\count286
\c@lastpage=\count287

(/usr/share/texlive/texmf-dist/tex/latex/textcase/textcase.sty
Package: textcase 2019/09/14 v1.00 Text only upper/lower case changing (DPC)
)
\c@figure=\count288
\c@lofdepth=\count289
\cftbeforefigureskip=\skip185
\cftfigureindent=\skip186
\cftfigurenumwidth=\skip187
\c@table=\count290
\c@lotdepth=\count291
\cftbeforetableskip=\skip188
\cfttableindent=\skip189
\cfttablenumwidth=\skip190
Package abstract [2008/07/23] emulated by memoir.
Package appendix [2008/07/23] emulated by memoir.
Package booktabs [2016/05/16] emulated by memoir.
Package ccaption [2008/07/23] emulated by memoir.
Package changepage [2008/07/23] emulated by memoir.
Package chngcntr [2008/07/23] emulated by memoir.
Package chngpage [2008/07/23] emulated by memoir.
Package crop emulated by memoir.
Package enumerate [2008/07/23] emulated by memoir.
Package epigraph [2008/07/23] emulated by memoir.
Package ifmtarg [2008/07/23] emulated by memoir.
Package index [2008/07/23] emulated by memoir.
Package makeidx [2008/07/23] emulated by memoir.
Package moreverb [2008/07/23] emulated by memoir.
Package mparhack [2008/07/23] emulated by memoir.
Package needspace [2008/07/23] emulated by memoir.
Package newfile [2008/07/23] emulated by memoir.
Package nextpage [2008/07/23] emulated by memoir.
Package pagenote [2008/07/23] emulated by memoir.
Package parskip [2008/07/23] emulated by memoir.
Package patchcmd [2008/07/23] emulated by memoir.
Package setspace [2008/07/23] emulated by memoir.
Package shortvrb [2008/07/23] emulated by memoir.
Package showidx [2008/07/23] emulated by memoir.
Package titleref [2008/07/23] emulated by memoir.
Package titling [2008/07/23] emulated by memoir.
Package tocbibind [2008/07/23] emulated by memoir.
Package tocloft [2008/07/23] emulated by memoir.
Package tocvsec2 [2008/07/23] emulated by memoir.
Package verbatim [2008/07/23] emulated by memoir.
Package verse [2008/07/23] emulated by memoir.
)
(/usr/share/texlive/texmf-dist/tex/generic/babel/babel.sty
Package: babel 2020/02/14 3.40 The Babel package

(/usr/share/texlive/texmf-dist/tex/generic/babel/switch.def
File: switch.def 2020/02/14 3.40 Babel switching mechanism
)
(/usr/share/texlive/texmf-dist/tex/generic/babel-english/american.ldf
Language: american 2017/06/06 v3.3r English support from the babel system

(/usr/share/texlive/texmf-dist/tex/generic/babel-english/english.ldf
Language: english 2017/06/06 v3.3r English support from the babel system

(/usr/share/texlive/texmf-dist/tex/generic/babel/babel.def
File: babel.def 2020/02/14 3.40 Babel common definitions
\babel@savecnt=\count292
\U@D=\dimen179

(/usr/share/texlive/texmf-dist/tex/generic/babel/txtbabel.def)
\bbl@readstream=\read3
\bbl@dirlevel=\count293
)
Package babel Info: \l@british = using hyphenrules for english
(babel)             (\language0) on input line 82.
Package babel Info: \l@UKenglish = using hyphenrules for english
(babel)             (\language0) on input line 83.
Package babel Info: \l@canadian = using hyphenrules for english
(babel)             (\language0) on input line 102.
Package babel Info: \l@australian = using hyphenrules for english
(babel)             (\language0) on input line 105.
Package babel Info: \l@newzealand = using hyphenrules for english
(babel)             (\language0) on input line 108.
)))
(/usr/share/texlive/texmf-dist/tex/latex/isodate/isodate.sty
Package: isodate 2010/01/03 v2.30 Print dates with different formats (HH)

(/usr/share/texlive/texmf-dist/tex/latex/base/ifthen.sty
Package: ifthen 2014/09/29 v1.1c Standard LaTeX ifthen package (DPC)
)
(/usr/share/texlive/texmf-dist/tex/latex/substr/substr.sty
Package: substr 2009/10/20 v1.2 Handle substrings
\c@su@anzahl=\count294
)
(/usr/share/texlive/texmf-dist/tex/latex/isodate/english.idf
File: english.idf 2010/01/03 v2.30 Language definitions for isodate package (HH
)

Define commands for American date format
)
\c@iso@tmpmonth=\count295
\c@iso@yeartwo=\count296
\c@iso@slash=\count297
\c@iso@minus=\count298
\c@iso@dot=\count299
\c@iso@@slash=\count300
\c@iso@@minus=\count301
\c@iso@@dot=\count302
) (/usr/share/texlive/texmf-dist/tex/latex/listings/listings.sty
(/usr/share/texlive/texmf-dist/tex/latex/graphics/keyval.sty
Package: keyval 2014/10/28 v1.15 key=value parser (DPC)
\KV@toks@=\toks22
)
\lst@mode=\count303
\lst@gtempboxa=\box50
\lst@token=\toks23
\lst@length=\count304
\lst@currlwidth=\dimen180
\lst@column=\count305
\lst@pos=\count306
\lst@lostspace=\dimen181
\lst@width=\dimen182
\lst@newlines=\count307
\lst@lineno=\count308
\lst@maxwidth=\dimen183

(/usr/share/texlive/texmf-dist/tex/latex/listings/lstmisc.sty
File: lstmisc.sty 2019/09/10 1.8c (Carsten Heinz)
\c@lstnumber=\count309
\lst@skipnumbers=\count310
\lst@framebox=\box51
)
(/usr/share/texlive/texmf-dist/tex/latex/listings/listings.cfg
File: listings.cfg 2019/09/10 1.8c listings configuration
))
Package: listings 2019/09/10 1.8c (Carsten Heinz)

(/usr/share/texlive/texmf-dist/tex/latex/tools/longtable.sty
Package: longtable 2020/01/07 v4.13 Multi-page Table package (DPC)
\LTleft=\skip191
\LTright=\skip192
\LTpre=\skip193
\LTpost=\skip194
\LTchunksize=\count311
\LTcapwidth=\dimen184
\LT@head=\box52
\LT@firsthead=\box53
\LT@foot=\box54
\LT@lastfoot=\box55
\LT@cols=\count312
\LT@rows=\count313
\c@LT@tables=\count314
\c@LT@chunks=\count315
\LT@p@ftn=\toks24
)
(/usr/share/texlive/texmf-dist/tex/latex/caption/ltcaption.sty
Package: ltcaption 2018/08/26 v1.4a longtable captions (AR)
\LTcapskip=\skip195
\LTcapleft=\skip196
\LTcapright=\skip197
)
(/usr/share/texlive/texmf-dist/tex/latex/relsize/relsize.sty
Package: relsize 2013/03/29 ver 4.1
)
(/usr/share/texlive/texmf-dist/tex/latex/base/textcomp.sty
Package: textcomp 2020/02/02 v2.0n Standard LaTeX package
)
(/usr/share/texlive/texmf-dist/tex/latex/underscore/underscore.sty
Package: underscore 2006/09/13
LaTeX Info: Redefining \_ on input line 42.
)
(/usr/share/texlive/texmf-dist/tex/generic/ulem/ulem.sty
\UL@box=\box56
\UL@hyphenbox=\box57
\UL@skip=\skip198
\UL@hook=\toks25
\UL@height=\dimen185
\UL@pe=\count316
\UL@pixel=\dimen186
\ULC@box=\box58
Package: ulem 2019/11/18
\ULdepth=\dimen187
)
(/usr/share/texlive/texmf-dist/tex/latex/enumitem/enumitem.sty
Package: enumitem 2019/06/20 v3.9 Customized lists
\labelindent=\skip256
\enit@outerparindent=\dimen188
\enit@toks=\toks26
\enit@inbox=\box59
\enit@count@id=\count317
\enitdp@description=\count318
)
(/usr/share/texlive/texmf-dist/tex/latex/graphics/color.sty
Package: color 2019/11/23 v1.2a Standard LaTeX Color (DPC)

(/usr/share/texlive/texmf-dist/tex/latex/graphics-cfg/color.cfg
File: color.cfg 2016/01/02 v1.6 sample color configuration
)
Package color Info: Driver file: pdftex.def on input line 147.

(/usr/share/texlive/texmf-dist/tex/latex/graphics-def/pdftex.def
File: pdftex.def 2018/01/08 v1.0l Graphics/color driver for pdftex
))
(/usr/share/texlive/texmf-dist/tex/latex/amsmath/amsmath.sty
Package: amsmath 2020/01/20 v2.17e AMS math features
\@mathmargin=\skip257

For additional information on amsmath, use the `?' option.
(/usr/share/texlive/texmf-dist/tex/latex/amsmath/amstext.sty
Package: amstext 2000/06/29 v2.01 AMS text

(/usr/share/texlive/texmf-dist/tex/latex/amsmath/amsgen.sty
File: amsgen.sty 1999/11/30 v2.0 generic functions
\@emptytoks=\toks27
\ex@=\dimen189
))
(/usr/share/texlive/texmf-dist/tex/latex/amsmath/amsbsy.sty
Package: amsbsy 1999/11/29 v1.2d Bold Symbols
\pmbraise@=\dimen190
)
(/usr/share/texlive/texmf-dist/tex/latex/amsmath/amsopn.sty
Package: amsopn 2016/03/08 v2.02 operator names
)
\inf@bad=\count319
LaTeX Info: Redefining \frac on input line 227.
\uproot@=\count320
\leftroot@=\count321
LaTeX Info: Redefining \overline on input line 389.
\classnum@=\count322
\DOTSCASE@=\count323
LaTeX Info: Redefining \ldots on input line 486.
LaTeX Info: Redefining \dots on input line 489.
LaTeX Info: Redefining \cdots on input line 610.
\Mathstrutbox@=\box60
\strutbox@=\box61
\big@size=\dimen191
LaTeX Font Info:    Redeclaring font encoding OML on input line 733.
LaTeX Font Info:    Redeclaring font encoding OMS on input line 734.
\macc@depth=\count324
\c@MaxMatrixCols=\count325
\dotsspace@=\muskip16
\c@parentequation=\count326
\dspbrk@lvl=\count327
\tag@help=\toks28
\row@=\count328
\column@=\count329
\maxfields@=\count330
\andhelp@=\toks29
\eqnshift@=\dimen192
\alignsep@=\dimen193
\tagshift@=\dimen194
\tagwidth@=\dimen195
\totwidth@=\dimen196
\lineht@=\dimen197
\@envbody=\toks30
\multlinegap=\skip258
\multlinetaggap=\skip259
\mathdisplay@stack=\toks31
LaTeX Info: Redefining \[ on input line 2859.
LaTeX Info: Redefining \] on input line 2860.
)
(/usr/share/texlive/texmf-dist/tex/latex/jknapltx/mathrsfs.sty
Package: mathrsfs 1996/01/01 Math RSFS package v1.0 (jk)
\symrsfs=\mathgroup4
)
(/usr/share/texlive/texmf-dist/tex/latex/microtype/microtype.sty
Package: microtype 2019/11/18 v2.7d Micro-typographical refinements (RS)
\MT@toks=\toks32
\MT@count=\count331
LaTeX Info: Redefining \textls on input line 790.
\MT@outer@kern=\dimen198
LaTeX Info: Redefining \textmicrotypecontext on input line 1354.
\MT@listname@count=\count332

(/usr/share/texlive/texmf-dist/tex/latex/microtype/microtype-pdftex.def
File: microtype-pdftex.def 2019/11/18 v2.7d Definitions specific to pdftex (RS)

LaTeX Info: Redefining \lsstyle on input line 914.
LaTeX Info: Redefining \lslig on input line 914.
\MT@outer@space=\skip260
)
Package microtype Info: Loading configuration file microtype.cfg.

(/usr/share/texlive/texmf-dist/tex/latex/microtype/microtype.cfg
File: microtype.cfg 2019/11/18 v2.7d microtype main configuration file (RS)
))
(/usr/share/texlive/texmf-dist/tex/latex/imakeidx/imakeidx.sty
Package: imakeidx 2016/10/15 v1.3e Package for typesetting indices in a synchro
nous mode

(/usr/share/texlive/texmf-dist/tex/latex/xkeyval/xkeyval.sty
Package: xkeyval 2014/12/03 v2.7a package option processing (HA)

(/usr/share/texlive/texmf-dist/tex/generic/xkeyval/xkeyval.tex
(/usr/share/texlive/texmf-dist/tex/generic/xkeyval/xkvutils.tex
\XKV@toks=\toks33
\XKV@tempa@toks=\toks34
)
\XKV@depth=\count333
File: xkeyval.tex 2014/12/03 v2.7a key=value parser (HA)
))
(/usr/share/texlive/texmf-dist/tex/generic/iftex/ifxetex.sty
Package: ifxetex 2019/10/25 v0.7 ifxetex legacy package. Use iftex instead.
)
(/usr/share/texlive/texmf-dist/tex/generic/iftex/ifluatex.sty
Package: ifluatex 2019/10/25 v1.5 ifluatex legacy package. Use iftex instead.
))
(/usr/share/texlive/texmf-dist/tex/latex/tools/multicol.sty
Package: multicol 2019/12/09 v1.8y multicolumn formatting (FMi)
\c@tracingmulticols=\count334
\mult@box=\box62
\multicol@leftmargin=\dimen256
\c@unbalance=\count335
\c@collectmore=\count336
\doublecol@number=\count337
\multicoltolerance=\count338
\multicolpretolerance=\count339
\full@width=\dimen257
\page@free=\dimen258
\premulticols=\dimen259
\postmulticols=\dimen260
\multicolsep=\skip261
\multicolbaselineskip=\skip262
\partial@page=\box63
\last@line=\box64
\maxbalancingoverflow=\dimen261
\mult@rightbox=\box65
\mult@grightbox=\box66
\mult@gfirstbox=\box67
\mult@firstbox=\box68
\@tempa=\box69
\@tempa=\box70
\@tempa=\box71
\@tempa=\box72
\@tempa=\box73
\@tempa=\box74
\@tempa=\box75
\@tempa=\box76
\@tempa=\box77
\@tempa=\box78
\@tempa=\box79
\@tempa=\box80
\@tempa=\box81
\@tempa=\box82
\@tempa=\box83
\@tempa=\box84
\@tempa=\box85
\@tempa=\box86
\@tempa=\box87
\@tempa=\box88
\@tempa=\box89
\@tempa=\box90
\@tempa=\box91
\@tempa=\box92
\@tempa=\box93
\@tempa=\box94
\@tempa=\box95
\@tempa=\box96
\@tempa=\box97
\@tempa=\box98
\@tempa=\box99
\@tempa=\box100
\@tempa=\box101
\@tempa=\box102
\@tempa=\box103
\@tempa=\box104
\@tempa=\box105
\c@minrows=\count340
\c@columnbadness=\count341
\c@finalcolumnbadness=\count342
\last@try=\dimen262
\multicolovershoot=\dimen263
\multicolundershoot=\dimen264
\mult@nat@firstbox=\box106
\colbreak@box=\box107
\mc@col@check@num=\count343
)
(/usr/share/texmf/tex/latex/lm/lmodern.sty
Package: lmodern 2009/10/30 v1.6 Latin Modern Fonts
LaTeX Font Info:    Overwriting symbol font `operators' in version `normal'
(Font)                  OT1/cmr/m/n --> OT1/lmr/m/n on input line 22.
LaTeX Font Info:    Overwriting symbol font `letters' in version `normal'
(Font)                  OML/cmm/m/it --> OML/lmm/m/it on input line 23.
LaTeX Font Info:    Overwriting symbol font `symbols' in version `normal'
(Font)                  OMS/cmsy/m/n --> OMS/lmsy/m/n on input line 24.
LaTeX Font Info:    Overwriting symbol font `largesymbols' in version `normal'
(Font)                  OMX/cmex/m/n --> OMX/lmex/m/n on input line 25.
LaTeX Font Info:    Overwriting symbol font `operators' in version `bold'
(Font)                  OT1/cmr/bx/n --> OT1/lmr/bx/n on input line 26.
LaTeX Font Info:    Overwriting symbol font `letters' in version `bold'
(Font)                  OML/cmm/b/it --> OML/lmm/b/it on input line 27.
LaTeX Font Info:    Overwriting symbol font `symbols' in version `bold'
(Font)                  OMS/cmsy/b/n --> OMS/lmsy/b/n on input line 28.
LaTeX Font Info:    Overwriting symbol font `largesymbols' in version `bold'
(Font)                  OMX/cmex/m/n --> OMX/lmex/m/n on input line 29.
LaTeX Font Info:    Overwriting math alphabet `\mathbf' in version `normal'
(Font)                  OT1/cmr/bx/n --> OT1/lmr/bx/n on input line 31.
LaTeX Font Info:    Overwriting math alphabet `\mathsf' in version `normal'
(Font)                  OT1/cmss/m/n --> OT1/lmss/m/n on input line 32.
LaTeX Font Info:    Overwriting math alphabet `\mathit' in version `normal'
(Font)                  OT1/cmr/m/it --> OT1/lmr/m/it on input line 33.
LaTeX Font Info:    Overwriting math alphabet `\mathtt' in version `normal'
(Font)                  OT1/cmtt/m/n --> OT1/lmtt/m/n on input line 34.
LaTeX Font Info:    Overwriting math alphabet `\mathbf' in version `bold'
(Font)                  OT1/cmr/bx/n --> OT1/lmr/bx/n on input line 35.
LaTeX Font Info:    Overwriting math alphabet `\mathsf' in version `bold'
(Font)                  OT1/cmss/bx/n --> OT1/lmss/bx/n on input line 36.
LaTeX Font Info:    Overwriting math alphabet `\mathit' in version `bold'
(Font)                  OT1/cmr/bx/it --> OT1/lmr/bx/it on input line 37.
LaTeX Font Info:    Overwriting math alphabet `\mathtt' in version `bold'
(Font)                  OT1/cmtt/m/n --> OT1/lmtt/m/n on input line 38.
)
(/usr/share/texlive/texmf-dist/tex/latex/xcolor/xcolor.sty
Package: xcolor 2016/05/11 v2.12 LaTeX color extensions (UK)

(/usr/share/texlive/texmf-dist/tex/latex/graphics-cfg/color.cfg
File: color.cfg 2016/01/02 v1.6 sample color configuration
)
Package xcolor Info: Driver file: pdftex.def on input line 225.
LaTeX Info: Redefining \color on input line 709.
Package xcolor Info: Model `cmy' substituted by `cmy0' on input line 1348.
Package xcolor Info: Model `hsb' substituted by `rgb' on input line 1352.
Package xcolor Info: Model `RGB' extended on input line 1364.
Package xcolor Info: Model `HTML' substituted by `rgb' on input line 1366.
Package xcolor Info: Model `Hsb' substituted by `hsb' on input line 1367.
Package xcolor Info: Model `tHsb' substituted by `hsb' on input line 1368.
Package xcolor Info: Model `HSB' substituted by `hsb' on input line 1369.
Package xcolor Info: Model `Gray' substituted by `gray' on input line 1370.
Package xcolor Info: Model `wave' substituted by `hsb' on input line 1371.
)
(/usr/share/texlive/texmf-dist/tex/latex/base/fontenc.sty
Package: fontenc 2020/02/11 v2.0o Standard LaTeX package
LaTeX Font Info:    Trying to load font information for T1+lmr on input line 11
2.

(/usr/share/texmf/tex/latex/lm/t1lmr.fd
File: t1lmr.fd 2009/10/30 v1.6 Font defs for Latin Modern
))
(/usr/share/texlive/texmf-dist/tex/latex/graphics/graphicx.sty
Package: graphicx 2019/11/30 v1.2a Enhanced LaTeX Graphics (DPC,SPQR)

(/usr/share/texlive/texmf-dist/tex/latex/graphics/graphics.sty
Package: graphics 2019/11/30 v1.4a Standard LaTeX Graphics (DPC,SPQR)

(/usr/share/texlive/texmf-dist/tex/latex/graphics/trig.sty
Package: trig 2016/01/03 v1.10 sin cos tan (DPC)
)
(/usr/share/texlive/texmf-dist/tex/latex/graphics-cfg/graphics.cfg
File: graphics.cfg 2016/06/04 v1.11 sample graphics configuration
)
Package graphics Info: Driver file: pdftex.def on input line 105.
)
\Gin@req@height=\dimen265
\Gin@req@width=\dimen266
)
(/usr/share/texlive/texmf-dist/tex/latex/hyperref/hyperref.sty
Package: hyperref 2020/01/14 v7.00d Hypertext links for LaTeX

(/usr/share/texlive/texmf-dist/tex/generic/ltxcmds/ltxcmds.sty
Package: ltxcmds 2019/12/15 v1.24 LaTeX kernel commands for general use (HO)
)
(/usr/share/texlive/texmf-dist/tex/latex/pdftexcmds/pdftexcmds.sty
Package: pdftexcmds 2019/11/24 v0.31 Utility functions of pdfTeX for LuaTeX (HO
)

(/usr/share/texlive/texmf-dist/tex/generic/infwarerr/infwarerr.sty
Package: infwarerr 2019/12/03 v1.5 Providing info/warning/error messages (HO)
)
Package pdftexcmds Info: \pdf@primitive is available.
Package pdftexcmds Info: \pdf@ifprimitive is available.
Package pdftexcmds Info: \pdfdraftmode found.
)
(/usr/share/texlive/texmf-dist/tex/generic/kvsetkeys/kvsetkeys.sty
Package: kvsetkeys 2019/12/15 v1.18 Key value parser (HO)
)
(/usr/share/texlive/texmf-dist/tex/generic/kvdefinekeys/kvdefinekeys.sty
Package: kvdefinekeys 2019-12-19 v1.6 Define keys (HO)
)
(/usr/share/texlive/texmf-dist/tex/generic/pdfescape/pdfescape.sty
Package: pdfescape 2019/12/09 v1.15 Implements pdfTeX's escape features (HO)
)
(/usr/share/texlive/texmf-dist/tex/latex/hycolor/hycolor.sty
Package: hycolor 2020-01-27 v1.10 Color options for hyperref/bookmark (HO)
)
(/usr/share/texlive/texmf-dist/tex/latex/letltxmacro/letltxmacro.sty
Package: letltxmacro 2019/12/03 v1.6 Let assignment for LaTeX macros (HO)
)
(/usr/share/texlive/texmf-dist/tex/latex/auxhook/auxhook.sty
Package: auxhook 2019-12-17 v1.6 Hooks for auxiliary files (HO)
)
(/usr/share/texlive/texmf-dist/tex/latex/kvoptions/kvoptions.sty
Package: kvoptions 2019/11/29 v3.13 Key value format for package options (HO)
)
\@linkdim=\dimen267
\Hy@linkcounter=\count344
\Hy@pagecounter=\count345

(/usr/share/texlive/texmf-dist/tex/latex/hyperref/pd1enc.def
File: pd1enc.def 2020/01/14 v7.00d Hyperref: PDFDocEncoding definition (HO)
Now handling font encoding PD1 ...
... no UTF-8 mapping file for font encoding PD1
)
(/usr/share/texlive/texmf-dist/tex/generic/intcalc/intcalc.sty
Package: intcalc 2019/12/15 v1.3 Expandable calculations with integers (HO)
)
(/usr/share/texlive/texmf-dist/tex/generic/etexcmds/etexcmds.sty
Package: etexcmds 2019/12/15 v1.7 Avoid name clashes with e-TeX commands (HO)
)
\Hy@SavedSpaceFactor=\count346
\pdfmajorversion=\count347
Package hyperref Info: Option `final' set `true' on input line 4421.
Package hyperref Info: Hyper figures OFF on input line 4547.
Package hyperref Info: Link nesting OFF on input line 4552.
Package hyperref Info: Hyper index ON on input line 4555.
Package hyperref Info: Plain pages OFF on input line 4562.
Package hyperref Info: Backreferencing OFF on input line 4567.
Package hyperref Info: Implicit mode ON; LaTeX internals redefined.
Package hyperref Info: Bookmarks ON on input line 4800.
\c@Hy@tempcnt=\count348

(/usr/share/texlive/texmf-dist/tex/latex/url/url.sty
\Urlmuskip=\muskip17
Package: url 2013/09/16  ver 3.4  Verb mode for urls, etc.
)
LaTeX Info: Redefining \url on input line 5159.
\XeTeXLinkMargin=\dimen268

(/usr/share/texlive/texmf-dist/tex/generic/bitset/bitset.sty
Package: bitset 2019/12/09 v1.3 Handle bit-vector datatype (HO)

(/usr/share/texlive/texmf-dist/tex/generic/bigintcalc/bigintcalc.sty
Package: bigintcalc 2019/12/15 v1.5 Expandable calculations on big integers (HO
)
))
\Fld@menulength=\count349
\Field@Width=\dimen269
\Fld@charsize=\dimen270
Package hyperref Info: Hyper figures OFF on input line 6430.
Package hyperref Info: Link nesting OFF on input line 6435.
Package hyperref Info: Hyper index ON on input line 6438.
Package hyperref Info: backreferencing OFF on input line 6445.
Package hyperref Info: Link coloring OFF on input line 6450.
Package hyperref Info: Link coloring with OCG OFF on input line 6455.
Package hyperref Info: PDF/A mode OFF on input line 6460.
LaTeX Info: Redefining \ref on input line 6500.
LaTeX Info: Redefining \pageref on input line 6504.

(/usr/share/texlive/texmf-dist/tex/generic/atbegshi/atbegshi.sty
Package: atbegshi 2019/12/05 v1.19 At begin shipout hook (HO)
)
\Hy@abspage=\count350
\c@Item=\count351
\c@Hfootnote=\count352
)
(/usr/share/texlive/texmf-dist/tex/latex/memoir/memhfixc.sty
Package: memhfixc 2019/10/24 v1.18 nameref/hyperref package fixes for memoir cl
ass
\c@memhycontfloat=\count353
\c@Hpagenote=\count354
)
Package hyperref Info: Driver: hpdftex.

(/usr/share/texlive/texmf-dist/tex/latex/hyperref/hpdftex.def
File: hpdftex.def 2020/01/14 v7.00d Hyperref driver for pdfTeX

(/usr/share/texlive/texmf-dist/tex/latex/atveryend/atveryend.sty
Package: atveryend 2019-12-11 v1.11 Hooks at the very end of document (HO)
Package atveryend Info: \enddocument detected (standard20110627).
)
\Fld@listcount=\count355
\c@bookmark@seq@number=\count356

(/usr/share/texlive/texmf-dist/tex/latex/rerunfilecheck/rerunfilecheck.sty
Package: rerunfilecheck 2019/12/05 v1.9 Rerun checks for auxiliary files (HO)

(/usr/share/texlive/texmf-dist/tex/generic/uniquecounter/uniquecounter.sty
Package: uniquecounter 2019/12/15 v1.4 Provide unlimited unique counter (HO)
)
Package uniquecounter Info: New unique counter `rerunfilecheck' on input line 2
86.
)
\Hy@SectionHShift=\skip263
)

Package hyperref Warning: Option `bookmarks' has already been used,
(hyperref)                setting the option has no effect on input line 45.

Package hyperref Info: Option `bookmarksnumbered' set `true' on input line 45.

Package hyperref Warning: Option `pdfpagelabels' has already been used,
(hyperref)                setting the option has no effect on input line 45.

Package hyperref Info: Option `linktocpage' set `true' on input line 45.
Package hyperref Info: Option `colorlinks' set `true' on input line 45.
Package hyperref Info: Option `plainpages' set `false' on input line 45.
(/usr/share/texlive/texmf-dist/tex/latex/extract/extract.sty
Package: extract 2019/09/18 v1.9a extract content from document (HA)
\XTR@out=\write4
\XTR@tmp=\write5
\openout5 = `std.xtr'.

 (./std.xtr)
\@envdepth=\count357
\openout4 = `std-gram.ext'.

)
(/usr/share/texlive/texmf-dist/tex/latex/l3kernel/expl3.sty
Package: expl3 2020-02-14 L3 programming layer (loader) 

(/usr/share/texlive/texmf-dist/tex/latex/l3backend/l3backend-pdfmode.def
File: l3backend-pdfmode.def 2020-02-03 L3 backend support: PDF mode
\l__kernel_color_stack_int=\count358
\l__pdf_internal_box=\box108
))
(/usr/share/texlive/texmf-dist/tex/latex/l3packages/xparse/xparse.sty
Package: xparse 2020-02-14 L3 Experimental document command parser
\l__xparse_current_arg_int=\count359
\g__xparse_grabber_int=\count360
\l__xparse_m_args_int=\count361
\l__xparse_v_nesting_int=\count362
)
(/usr/share/texlive/texmf-dist/tex/generic/xstring/xstring.sty
(/usr/share/texlive/texmf-dist/tex/generic/xstring/xstring.tex
\integerpart=\count363
\decimalpart=\count364
)
Package: xstring 2019/02/06 v1.83 String manipulations (CT)
) (./layout.tex

******************************************************
Stock height and width: 845.04684pt by 597.50787pt
Top and edge trims: 0pt and 0pt
Page height and width: 845.04684pt by 597.50787pt
Text height and width: 706pt by 469pt
Spine and edge margins: 63.8763pt and 63.8763pt
Upper and lower margins: 71.13188pt and 67.91496pt
Headheight and headsep: 12pt and 24pt
Footskip: 24pt
Columnsep and columnseprule: 10pt and 0pt
Marginparsep and marginparwidth: 7pt and 7pt
Sidecapsep and sidecapwidth: 7pt and 63pt
Sidebarhsep and sidebarwidth: 7pt and 63pt
Sidebarvsep and sidebartopsep: 12pt and 0pt
Sidebarheight: 596.39996pt
Sidefoothsep and sidefootwidth: 7pt and 63pt
Sidefootvsep and sidefootheight: 12pt and 596.39996pt
******************************************************

\c@Paras=\count365
\c@Bullets1=\count366
\c@Bullets2=\count367
\c@Bullets3=\count368
\c@Bullets4=\count369
) (./styles.tex
\enitdp@indenthelper=\count370
\enitdp@bnflist=\count371
) (./macros.tex
\c@SectionDepthBase=\count372
\c@SectionDepth=\count373
\c@note=\count374
\c@example=\count375
\@tempfootboxa=\box109
\@templfootbox=\box110
\itcorrwidth=\skip264
\itletterwidth=\skip265

(/usr/share/texlive/texmf-dist/tex/latex/listings/lstlang1.sty
File: lstlang1.sty 2019/09/10 1.8c listings language file
)
(/usr/share/texlive/texmf-dist/tex/latex/listings/lstlang1.sty
File: lstlang1.sty 2019/09/10 1.8c listings language file
)
(/usr/share/texlive/texmf-dist/tex/latex/listings/lstmisc.sty
File: lstmisc.sty 2019/09/10 1.8c (Carsten Heinz)
)
\BnfIndent=\skip266
\BnfInc=\skip267
\BnfRest=\skip268
\c@defnote=\count376
) (./tables.tex)
\@indexfile=\write6
\openout6 = `std.idx'.


Started index file generalindex
Started index file grammarindex
Started index file headerindex
Started index file libraryindex
Started index file conceptindex
Started index file impldefindex
\xrefindexmemglofile=\write7
\openout7 = `xrefindex.glo'.

Writing glossary file xrefindex.glo 
\xrefdeltamemglofile=\write8
\openout8 = `xrefdelta.glo'.

Writing glossary file xrefdelta.glo 
(./std.aux (./front.aux) (./intro.aux) (./lex.aux) (./basic.aux)
(./expressions.aux) (./statements.aux) (./declarations.aux) (./modules.aux)
(./classes.aux) (./overloading.aux) (./templates.aux) (./exceptions.aux)
(./preprocessor.aux) (./lib-intro.aux) (./support.aux) (./concepts.aux)
(./diagnostics.aux) (./memory.aux) (./meta.aux) (./utilities.aux)
(./strings.aux) (./containers.aux) (./iterators.aux) (./ranges.aux)
(./algorithms.aux) (./numerics.aux) (./time.aux) (./locales.aux)
(./iostreams.aux) (./regex.aux) (./threads.aux) (./grammar.aux) (./limits.aux)
(./compatibility.aux) (./future.aux) (./uax31.aux) (./back.aux))
\openout1 = `std.aux'.

LaTeX Font Info:    Checking defaults for OML/cmm/m/it on input line 88.
LaTeX Font Info:    ... okay on input line 88.
LaTeX Font Info:    Checking defaults for OMS/cmsy/m/n on input line 88.
LaTeX Font Info:    ... okay on input line 88.
LaTeX Font Info:    Checking defaults for OT1/cmr/m/n on input line 88.
LaTeX Font Info:    ... okay on input line 88.
LaTeX Font Info:    Checking defaults for T1/cmr/m/n on input line 88.
LaTeX Font Info:    ... okay on input line 88.
LaTeX Font Info:    Checking defaults for TS1/cmr/m/n on input line 88.
LaTeX Font Info:    ... okay on input line 88.
LaTeX Font Info:    Checking defaults for OMX/cmex/m/n on input line 88.
LaTeX Font Info:    ... okay on input line 88.
LaTeX Font Info:    Checking defaults for U/cmr/m/n on input line 88.
LaTeX Font Info:    ... okay on input line 88.
LaTeX Font Info:    Checking defaults for PD1/pdf/m/n on input line 88.
LaTeX Font Info:    ... okay on input line 88.

isodate: babel.sty has been loaded
\c@lstlisting=\count377
(/usr/share/texlive/texmf-dist/tex/context/base/mkii/supp-pdf.mkii
[Loading MPS to PDF converter (version 2006.09.02).]
\scratchcounter=\count378
\scratchdimen=\dimen271
\scratchbox=\box111
\nofMPsegments=\count379
\nofMParguments=\count380
\everyMPshowfont=\toks35
\MPscratchCnt=\count381
\MPscratchDim=\dimen272
\MPnumerator=\count382
\makeMPintoPDFobject=\count383
\everyMPtoPDFconversion=\toks36
) (/usr/share/texlive/texmf-dist/tex/latex/epstopdf-pkg/epstopdf-base.sty
Package: epstopdf-base 2020-01-24 v2.11 Base part for package epstopdf
Package epstopdf-base Info: Redefining graphics rule for `.eps' on input line 4
85.

(/usr/share/texlive/texmf-dist/tex/latex/latexconfig/epstopdf-sys.cfg
File: epstopdf-sys.cfg 2010/07/13 v1.3 Configuration of (r)epstopdf for TeX Liv
e
))
LaTeX Info: Redefining \microtypecontext on input line 88.
Package microtype Info: Generating PDF output.
Package microtype Info: Character protrusion enabled (level 2).
Package microtype Info: Using default protrusion set `alltext'.
Package microtype Info: Automatic font expansion enabled (level 2),
(microtype)             stretch: 20, shrink: 20, step: 1, non-selected.
Package microtype Info: Using default expansion set `basictext'.
LaTeX Info: Redefining \showhyphens on input line 88.
Package microtype Info: No adjustment of tracking.
Package microtype Info: No adjustment of interword spacing.
Package microtype Info: No adjustment of character kerning.

(/usr/share/texlive/texmf-dist/tex/latex/microtype/mt-cmr.cfg
File: mt-cmr.cfg 2013/05/19 v2.2 microtype config. file: Computer Modern Roman 
(RS)
)
\AtBeginShipoutBox=\box112
Package hyperref Info: Link coloring ON on input line 88.

(/usr/share/texlive/texmf-dist/tex/latex/hyperref/nameref.sty
Package: nameref 2019/09/16 v2.46 Cross-referencing by name of section

(/usr/share/texlive/texmf-dist/tex/latex/refcount/refcount.sty
Package: refcount 2019/12/15 v3.6 Data extraction from label references (HO)
)
(/usr/share/texlive/texmf-dist/tex/generic/gettitlestring/gettitlestring.sty
Package: gettitlestring 2019/12/15 v1.6 Cleanup title references (HO)
)
\c@section@level=\count384
)
Redoing nameref's sectioning
Redoing nameref's label
LaTeX Info: Redefining \nameref on input line 88.
LaTeX Info: Redefining \ref on input line 88.
LaTeX Info: Redefining \pageref on input line 88.
LaTeX Info: Redefining \nameref on input line 88.
(./std.out) (./std.out)
\@outlinefile=\write9
\openout9 = `std.out'.

 (./config.tex)
\openout2 = `front.aux'.

 (./front.tex (./cover-wd.tex
\hdwidth=\skip269
LaTeX Font Info:    Trying to load font information for OT1+lmr on input line 1
8.

(/usr/share/texmf/tex/latex/lm/ot1lmr.fd
File: ot1lmr.fd 2009/10/30 v1.6 Font defs for Latin Modern
)
LaTeX Font Info:    Trying to load font information for OML+lmm on input line 1
8.

(/usr/share/texmf/tex/latex/lm/omllmm.fd
File: omllmm.fd 2009/10/30 v1.6 Font defs for Latin Modern
)
LaTeX Font Info:    Trying to load font information for OMS+lmsy on input line 
18.

(/usr/share/texmf/tex/latex/lm/omslmsy.fd
File: omslmsy.fd 2009/10/30 v1.6 Font defs for Latin Modern
)
LaTeX Font Info:    Trying to load font information for OMX+lmex on input line 
18.

(/usr/share/texmf/tex/latex/lm/omxlmex.fd
File: omxlmex.fd 2009/10/30 v1.6 Font defs for Latin Modern
)
LaTeX Font Info:    External font `lmex10' loaded for size
(Font)              <10> on input line 18.
LaTeX Font Info:    External font `lmex10' loaded for size
(Font)              <7> on input line 18.
LaTeX Font Info:    External font `lmex10' loaded for size
(Font)              <5> on input line 18.
LaTeX Font Info:    Trying to load font information for U+rsfs on input line 18
.

(/usr/share/texlive/texmf-dist/tex/latex/jknapltx/ursfs.fd
File: ursfs.fd 1998/03/24 rsfs font definition file (jk)
) [1



{/var/lib/texmf/fonts/map/pdftex/updmap/pdftex.map}]) (./std.toc
LaTeX Font Info:    Trying to load font information for TS1+lmr on input line 2
01.

(/usr/share/texmf/tex/latex/lm/ts1lmr.fd
File: ts1lmr.fd 2009/10/30 v1.6 Font defs for Latin Modern
)
Package microtype Info: Character `029' is missing
(microtype)             in font `T1/lmr/m/sc/10'.
(microtype)             Ignoring protrusion settings for this character.
 [2]
LaTeX Font Info:    Trying to load font information for T1+lmtt on input line 2
57.

(/usr/share/texmf/tex/latex/lm/t1lmtt.fd
File: t1lmtt.fd 2009/10/30 v1.6 Font defs for Latin Modern
)
Package microtype Info: Loading generic protrusion settings for font family
(microtype)             `lmtt' (encoding: T1).
(microtype)             For optimal results, create family-specific settings.
(microtype)             See the microtype manual for details.
 [3] [4] [5] [6] [7])) [8] [9]
\openout2 = `intro.aux'.


(./intro.tex [1




] [2

]
LaTeX Font Info:    Trying to load font information for T1+lmss on input line 1
82.
 (/usr/share/texmf/tex/latex/lm/t1lmss.fd
File: t1lmss.fd 2009/10/30 v1.6 Font defs for Latin Modern
)
Package microtype Info: Loading generic protrusion settings for font family
(microtype)             `lmss' (encoding: T1).
(microtype)             For optimal results, create family-specific settings.
(microtype)             See the microtype manual for details.
LaTeX Font Info:    Font shape `T1/lmss/m/it' in size <10> not available
(Font)              Font shape `T1/lmss/m/sl' tried instead on input line 182.
 [3

] [4] [5]
[6] [7] [8] [9] [10

]
LaTeX Font Info:    Font shape `T1/lmss/m/it' in size <9> not available
(Font)              Font shape `T1/lmss/m/sl' tried instead on input line 1010.

LaTeX Font Info:    External font `lmex10' loaded for size
(Font)              <9> on input line 1011.
LaTeX Font Info:    External font `lmex10' loaded for size
(Font)              <6> on input line 1011.
 [11]) [12]
\openout2 = `lex.aux'.

 (./lex.tex
\openout5 = `std.xtr'.

 (./std.xtr)
LaTeX Font Info:    Font shape `T1/lmss/m/it' in size <8> not available
(Font)              Font shape `T1/lmss/m/sl' tried instead on input line 101.
 [13



]
\openout5 = `std.xtr'.

 (./std.xtr)
\openout5 = `std.xtr'.


(./std.xtr)
Package microtype Info: Character `029' is missing
(microtype)             in font `T1/lmr/m/sc/9'.
(microtype)             Ignoring protrusion settings for this character.
 [14] [15]
\openout5 = `std.xtr'.

 (./std.xtr) [16]
\openout5 = `std.xtr'.

 (./std.xtr) [17]
\openout5 = `std.xtr'.

 (./std.xtr)
\openout5 = `std.xtr'.

 (./std.xtr)
\openout5 = `std.xtr'.

(./std.xtr)
\openout5 = `std.xtr'.

 (./std.xtr)
\openout5 = `std.xtr'.

 (./std.xtr)
\openout5 = `std.xtr'.

 (./std.xtr)
\openout5 = `std.xtr'.

 (./std.xtr)
\openout5 = `std.xtr'.

 (./std.xtr)
\openout5 = `std.xtr'.


(./std.xtr [18])
\openout5 = `std.xtr'.

 (./std.xtr)
\openout5 = `std.xtr'.

 (./std.xtr)
\openout5 = `std.xtr'.

 (./std.xtr)
\openout5 = `std.xtr'.

 (./std.xtr)
\openout5 = `std.xtr'.

 (./std.xtr
[19])
\openout5 = `std.xtr'.

 (./std.xtr)
\openout5 = `std.xtr'.

 (./std.xtr)
\openout5 = `std.xtr'.

 (./std.xtr [20])
\openout5 = `std.xtr'.

 (./std.xtr)
\openout5 = `std.xtr'.

 (./std.xtr)
\openout5 = `std.xtr'.


(./std.xtr)
\openout5 = `std.xtr'.

 (./std.xtr)
\openout5 = `std.xtr'.

 (./std.xtr)
\openout5 = `std.xtr'.

 (./std.xtr)
\openout5 = `std.xtr'.

 (./std.xtr)
\openout5 = `std.xtr'.

 (./std.xtr)
\openout5 = `std.xtr'.


(./std.xtr)
\openout5 = `std.xtr'.

 (./std.xtr)
\openout5 = `std.xtr'.

 (./std.xtr)
\openout5 = `std.xtr'.

 (./std.xtr)
\openout5 = `std.xtr'.

 (./std.xtr)
\openout5 = `std.xtr'.

 (./std.xtr)
\openout5 = `std.xtr'.


(./std.xtr)
LaTeX Font Info:    Font shape `T1/lmss/bx/it' in size <10> not available
(Font)              Font shape `T1/lmss/bx/sl' tried instead on input line 1131
.
 [21]
\openout5 = `std.xtr'.

 (./std.xtr)
\openout5 = `std.xtr'.

 (./std.xtr)
\openout5 = `std.xtr'.

 (./std.xtr)
\openout5 = `std.xtr'.

 (./std.xtr [22])
\openout5 = `std.xtr'.


(./std.xtr)
\openout5 = `std.xtr'.

 (./std.xtr)
\openout5 = `std.xtr'.

 (./std.xtr)
\openout5 = `std.xtr'.

 (./std.xtr)
\openout5 = `std.xtr'.

 (./std.xtr)
\openout5 = `std.xtr'.

 (./std.xtr)
\openout5 = `std.xtr'.


(./std.xtr)
\openout5 = `std.xtr'.

 (./std.xtr)
\openout5 = `std.xtr'.

 (./std.xtr) [23]
\openout5 = `std.xtr'.

 (./std.xtr)
\openout5 = `std.xtr'.

 (./std.xtr)
\openout5 = `std.xtr'.

 (./std.xtr)
\openout5 = `std.xtr'.


(./std.xtr [24])
\openout5 = `std.xtr'.

 (./std.xtr)
\openout5 = `std.xtr'.

 (./std.xtr)
\openout5 = `std.xtr'.

 (./std.xtr)
\openout5 = `std.xtr'.

 (./std.xtr)
\openout5 = `std.xtr'.

 (./std.xtr)
\openout5 = `std.xtr'.


(./std.xtr)
\openout5 = `std.xtr'.

 (./std.xtr)
\openout5 = `std.xtr'.

 (./std.xtr)
\openout5 = `std.xtr'.

 (./std.xtr)
\openout5 = `std.xtr'.

 (./std.xtr [25])
\openout5 = `std.xtr'.

 (./std.xtr)
\openout5 = `std.xtr'.


(./std.xtr)
\openout5 = `std.xtr'.

 (./std.xtr)
\openout5 = `std.xtr'.

 (./std.xtr)
\openout5 = `std.xtr'.

 (./std.xtr) [26] [27]
\openout5 = `std.xtr'.

 (./std.xtr)
\openout5 = `std.xtr'.


(./std.xtr)
\openout5 = `std.xtr'.

 (./std.xtr)
\openout5 = `std.xtr'.

 (./std.xtr)
\openout5 = `std.xtr'.

 (./std.xtr)
\openout5 = `std.xtr'.

 (./std.xtr)
\openout5 = `std.xtr'.

 (./std.xtr)
\openout5 = `std.xtr'.


(./std.xtr) [28]
LaTeX Font Info:    Trying to load font information for TS1+lmtt on input line 
2073.
 (/usr/share/texmf/tex/latex/lm/ts1lmtt.fd
File: ts1lmtt.fd 2009/10/30 v1.6 Font defs for Latin Modern
)
Package microtype Info: Loading generic protrusion settings for font family
(microtype)             `lmtt' (encoding: TS1).
(microtype)             For optimal results, create family-specific settings.
(microtype)             See the microtype manual for details.
Package microtype Info: Character `texttrademark ' is missing
(microtype)             in font `TS1/lmtt/m/n/9'.
(microtype)             Ignoring protrusion settings for this character.
) [29]
\openout2 = `basic.aux'.

 (./basic.tex
\openout5 = `std.xtr'.


(./std.xtr) [30



] [31] [32] [33] [34] [35] [36] [37] [38] [39] [40] [41]
[42] [43]
<figname.pdf, id=12914, 459.7175pt x 266.9975pt>
File: figname.pdf Graphic file (type pdf)
<use figname.pdf>
Package pdftex.def Info: figname.pdf  used on input line 1656.
(pdftex.def)             Requested size: 160.90353pt x 93.45052pt.
 [44] [45 <./figname.pdf>] [46] [47] [48] [49] [50] [51] [52] [53]
[54]
\openout5 = `std.xtr'.

 (./std.xtr) [55] [56] [57] [58] [59] [60] [61] [62] [63] [64] [65]
[66] [67] [68] [69] [70] [71] [72] [73] [74] [75] [76] [77] [78] [79] [80]
[81] [82] [83] [84] [85]
LaTeX Font Info:    Font shape `T1/lmtt/bx/n' in size <10> not available
(Font)              Font shape `T1/lmtt/b/n' tried instead on input line 6321.
 [86] [87] [88]) [89]
\openout2 = `expressions.aux'.

 (./expressions.tex
\openout5 = `std.xtr'.

 (./std.xtr)
<valuecategories.pdf, id=13666, 479.7925pt x 266.9975pt>
File: valuecategories.pdf Graphic file (type pdf)
<use valuecategories.pdf>
Package pdftex.def Info: valuecategories.pdf  used on input line 146.
(pdftex.def)             Requested size: 167.92987pt x 93.45052pt.

[90



] [91 <./valuecategories.pdf>] [92] [93] [94] [95] [96] [97] [98]
\openout5 = `std.xtr'.

 (./std.xtr) [99]
\openout5 = `std.xtr'.

 (./std.xtr) [100]
\openout5 = `std.xtr'.

 (./std.xtr) [101]
\openout5 = `std.xtr'.

 (./std.xtr)
\openout5 = `std.xtr'.

 (./std.xtr) [102]
\openout5 = `std.xtr'.


(./std.xtr [103])
\openout5 = `std.xtr'.

 (./std.xtr)
\openout5 = `std.xtr'.

 (./std.xtr)
\openout5 = `std.xtr'.

 (./std.xtr)
\openout5 = `std.xtr'.

 (./std.xtr) [104]
[105] [106] [107] [108]
\openout5 = `std.xtr'.

 (./std.xtr)
\openout5 = `std.xtr'.

 (./std.xtr)
\openout5 = `std.xtr'.

 (./std.xtr)
\openout5 = `std.xtr'.

 (./std.xtr)
\openout5 = `std.xtr'.


(./std.xtr)
\openout5 = `std.xtr'.

 (./std.xtr) [109] [110] [111] [112] [113]
\openout5 = `std.xtr'.

 (./std.xtr)
\openout5 = `std.xtr'.

 (./std.xtr)
\openout5 = `std.xtr'.


(./std.xtr)
\openout5 = `std.xtr'.

 (./std.xtr)
\openout5 = `std.xtr'.

 (./std.xtr)
\openout5 = `std.xtr'.

 (./std.xtr)
\openout5 = `std.xtr'.

 (./std.xtr) [114]
\openout5 = `std.xtr'.

 (./std.xtr)
\openout5 = `std.xtr'.


(./std.xtr) [115]
\openout5 = `std.xtr'.

 (./std.xtr)
\openout5 = `std.xtr'.

 (./std.xtr) [116]
\openout5 = `std.xtr'.

 (./std.xtr)
\openout5 = `std.xtr'.

 (./std.xtr)
\openout5 = `std.xtr'.


(./std.xtr) [117] [118] [119] [120] [121] [122] [123] [124] [125] [126]
LaTeX Font Info:    Trying to load font information for OT1+lmtt on input line 
4356.

(/usr/share/texmf/tex/latex/lm/ot1lmtt.fd
File: ot1lmtt.fd 2009/10/30 v1.6 Font defs for Latin Modern
)
Package microtype Info: Loading generic protrusion settings for font family
(microtype)             `lmtt' (encoding: OT1).
(microtype)             For optimal results, create family-specific settings.
(microtype)             See the microtype manual for details.
\openout5 = `std.xtr'.

 (./std.xtr [127])
\openout5 = `std.xtr'.

 (./std.xtr)
[128]
\openout5 = `std.xtr'.

 (./std.xtr) [129] [130]
\openout5 = `std.xtr'.

 (./std.xtr) [131]
\openout5 = `std.xtr'.

 (./std.xtr)
\openout5 = `std.xtr'.

 (./std.xtr)
\openout5 = `std.xtr'.


(./std.xtr)
\openout5 = `std.xtr'.

 (./std.xtr)
\openout5 = `std.xtr'.

 (./std.xtr)
\openout5 = `std.xtr'.

 (./std.xtr) [132] [133] [134] [135]
\openout5 = `std.xtr'.


(./std.xtr) [136] [137]
\openout5 = `std.xtr'.

 (./std.xtr) [138]
\openout5 = `std.xtr'.

 (./std.xtr) [139]
\openout5 = `std.xtr'.

 (./std.xtr)
\openout5 = `std.xtr'.


(./std.xtr)
LaTeX Font Info:    External font `lmex10' loaded for size
(Font)              <8> on input line 6108.
 [140]
\openout5 = `std.xtr'.

 (./std.xtr)
\openout5 = `std.xtr'.

 (./std.xtr) [141]
\openout5 = `std.xtr'.

 (./std.xtr) [142]
\openout5 = `std.xtr'.

 (./std.xtr)
[143]
\openout5 = `std.xtr'.

 (./std.xtr)
\openout5 = `std.xtr'.

 (./std.xtr)
\openout5 = `std.xtr'.

 (./std.xtr) [144]
\openout5 = `std.xtr'.

 (./std.xtr)
\openout5 = `std.xtr'.

 (./std.xtr)
\openout5 = `std.xtr'.


(./std.xtr) [145]
\openout5 = `std.xtr'.

 (./std.xtr) [146]
\openout5 = `std.xtr'.

 (./std.xtr)
\openout5 = `std.xtr'.

 (./std.xtr [147])
\openout5 = `std.xtr'.

 (./std.xtr)
\openout5 = `std.xtr'.


(./std.xtr) [148]
\openout5 = `std.xtr'.

 (./std.xtr) [149] [150] [151] [152] [153]) [154]
\openout2 = `statements.aux'.


(./statements.tex
\openout5 = `std.xtr'.

 (./std.xtr)
\openout5 = `std.xtr'.

 (./std.xtr)
\openout5 = `std.xtr'.

 (./std.xtr)
\openout5 = `std.xtr'.

 (./std.xtr)
\openout5 = `std.xtr'.

 (./std.xtr
[155



])
\openout5 = `std.xtr'.

 (./std.xtr)
\openout5 = `std.xtr'.

 (./std.xtr)
\openout5 = `std.xtr'.

 (./std.xtr)
\openout5 = `std.xtr'.

 (./std.xtr)
LaTeX Font Info:    Font shape `T1/lmtt/bx/n' in size <10.95> not available
(Font)              Font shape `T1/lmtt/b/n' tried instead on input line 234.
 [156] [157]
\openout5 = `std.xtr'.

 (./std.xtr
[158])
\openout5 = `std.xtr'.

 (./std.xtr)
\openout5 = `std.xtr'.

 (./std.xtr) [159] [160]
\openout5 = `std.xtr'.

 (./std.xtr) [161]
\openout5 = `std.xtr'.

 (./std.xtr)
\openout5 = `std.xtr'.


(./std.xtr) [162] [163]) [164]
\openout2 = `declarations.aux'.

 (./declarations.tex
\openout5 = `std.xtr'.

 (./std.xtr)
\openout5 = `std.xtr'.

 (./std.xtr)
\openout5 = `std.xtr'.


(./std.xtr)
\openout5 = `std.xtr'.

 (./std.xtr)
\openout5 = `std.xtr'.

 (./std.xtr)
\openout5 = `std.xtr'.

 (./std.xtr)
\openout5 = `std.xtr'.

 (./std.xtr)
\openout5 = `std.xtr'.

 (./std.xtr)
\openout5 = `std.xtr'.


(./std.xtr)
\openout5 = `std.xtr'.

 (./std.xtr) [165



]
\openout5 = `std.xtr'.

 (./std.xtr [166])
\openout5 = `std.xtr'.

 (./std.xtr)
\openout5 = `std.xtr'.

 (./std.xtr)
[167] [168]
\openout5 = `std.xtr'.

 (./std.xtr)
\openout5 = `std.xtr'.

 (./std.xtr)
\openout5 = `std.xtr'.

 (./std.xtr [169]) [170] [171] [172]
[173]
\openout5 = `std.xtr'.

 (./std.xtr)
\openout5 = `std.xtr'.

 (./std.xtr)
\openout5 = `std.xtr'.

 (./std.xtr)
\openout5 = `std.xtr'.

 (./std.xtr) [174] [175]
\openout5 = `std.xtr'.

 (./std.xtr)
\openout5 = `std.xtr'.


(./std.xtr) [176]
\openout5 = `std.xtr'.

 (./std.xtr [177])
\openout5 = `std.xtr'.

 (./std.xtr)
\openout5 = `std.xtr'.

 (./std.xtr) [178] [179]
\openout5 = `std.xtr'.


(./std.xtr) [180] [181] [182] [183]
\openout5 = `std.xtr'.

 (./std.xtr)
\openout5 = `std.xtr'.

 (./std.xtr) [184]
\openout5 = `std.xtr'.

 (./std.xtr)
\openout5 = `std.xtr'.


(./std.xtr)
\openout5 = `std.xtr'.

 (./std.xtr)
\openout5 = `std.xtr'.

 (./std.xtr)
\openout5 = `std.xtr'.

 (./std.xtr)
\openout5 = `std.xtr'.

 (./std.xtr)
\openout5 = `std.xtr'.

 (./std.xtr)
\openout5 = `std.xtr'.


(./std.xtr)
\openout5 = `std.xtr'.

 (./std.xtr)
\openout5 = `std.xtr'.

 (./std.xtr)
\openout5 = `std.xtr'.

 (./std.xtr [185])
\openout5 = `std.xtr'.

 (./std.xtr)
\openout5 = `std.xtr'.

 (./std.xtr)
\openout5 = `std.xtr'.


(./std.xtr)
\openout5 = `std.xtr'.

 (./std.xtr)
\openout5 = `std.xtr'.

 (./std.xtr)
\openout5 = `std.xtr'.

 (./std.xtr) [186] [187] [188] [189]
[190] [191] [192] [193]
\openout5 = `std.xtr'.

 (./std.xtr)
\openout5 = `std.xtr'.

 (./std.xtr)
\openout5 = `std.xtr'.

 (./std.xtr) [194] [195]
[196] [197] [198] [199] [200]
\openout5 = `std.xtr'.

 (./std.xtr)
\openout5 = `std.xtr'.

 (./std.xtr)
\openout5 = `std.xtr'.

 (./std.xtr)
\openout5 = `std.xtr'.

 (./std.xtr)
\openout5 = `std.xtr'.


(./std.xtr)
\openout5 = `std.xtr'.

 (./std.xtr)
\openout5 = `std.xtr'.

 (./std.xtr)
\openout5 = `std.xtr'.

 (./std.xtr)
\openout5 = `std.xtr'.

 (./std.xtr [201]) [202]
[203] [204] [205] [206] [207] [208] [209] [210] [211] [212] [213] [214]
[215] [216]
\openout5 = `std.xtr'.

 (./std.xtr)
\openout5 = `std.xtr'.

 (./std.xtr) [217] [218] [219] [220] [221] [222]
[223]
\openout5 = `std.xtr'.

 (./std.xtr)
\openout5 = `std.xtr'.

 (./std.xtr)
\openout5 = `std.xtr'.

 (./std.xtr)
\openout5 = `std.xtr'.

 (./std.xtr)
\openout5 = `std.xtr'.

 (./std.xtr)
\openout5 = `std.xtr'.

 (./std.xtr)
\openout5 = `std.xtr'.


(./std.xtr)
\openout5 = `std.xtr'.

 (./std.xtr)
\openout5 = `std.xtr'.

 (./std.xtr)
\openout5 = `std.xtr'.

 (./std.xtr) [224] [225]
\openout5 = `std.xtr'.

 (./std.xtr)
[226]
\openout5 = `std.xtr'.

 (./std.xtr)
\openout5 = `std.xtr'.

 (./std.xtr)
\openout5 = `std.xtr'.

 (./std.xtr)
\openout5 = `std.xtr'.

 (./std.xtr)
\openout5 = `std.xtr'.

 (./std.xtr [227])
\openout5 = `std.xtr'.


(./std.xtr)
\openout5 = `std.xtr'.

 (./std.xtr) [228]
\openout5 = `std.xtr'.

 (./std.xtr)
\openout5 = `std.xtr'.

 (./std.xtr)
\openout5 = `std.xtr'.

 (./std.xtr)
\openout5 = `std.xtr'.

 (./std.xtr)
[229] [230] [231]
\openout5 = `std.xtr'.

 (./std.xtr)
\openout5 = `std.xtr'.

 (./std.xtr)
\openout5 = `std.xtr'.

 (./std.xtr) [232] [233] [234]
[235]
\openout5 = `std.xtr'.

 (./std.xtr) [236]
\openout5 = `std.xtr'.

 (./std.xtr) [237] [238]
\openout5 = `std.xtr'.

 (./std.xtr)
\openout5 = `std.xtr'.

 (./std.xtr)
\openout5 = `std.xtr'.


(./std.xtr)
\openout5 = `std.xtr'.

 (./std.xtr)
\openout5 = `std.xtr'.

 (./std.xtr)
\openout5 = `std.xtr'.

 (./std.xtr)
\openout5 = `std.xtr'.

 (./std.xtr)
\openout5 = `std.xtr'.

 (./std.xtr)
\openout5 = `std.xtr'.


(./std.xtr)
\openout5 = `std.xtr'.

 (./std.xtr)
\openout5 = `std.xtr'.

 (./std.xtr)
\openout5 = `std.xtr'.

 (./std.xtr) [239] [240] [241] [242]
[243] [244] [245]) [246]
\openout2 = `modules.aux'.

 (./modules.tex
\openout5 = `std.xtr'.

 (./std.xtr)
\openout5 = `std.xtr'.

 (./std.xtr)
\openout5 = `std.xtr'.

 (./std.xtr)
\openout5 = `std.xtr'.


(./std.xtr)
\openout5 = `std.xtr'.

 (./std.xtr) [247



]
\openout5 = `std.xtr'.

 (./std.xtr) [248] [249] [250]
\openout5 = `std.xtr'.

 (./std.xtr)
[251]
\openout5 = `std.xtr'.

 (./std.xtr) [252] [253]
\openout5 = `std.xtr'.

 (./std.xtr) [254] [255] [256]) [257]
\openout2 = `classes.aux'.


(./classes.tex
\openout5 = `std.xtr'.

 (./std.xtr)
\openout5 = `std.xtr'.

 (./std.xtr)
\openout5 = `std.xtr'.

 (./std.xtr)
\openout5 = `std.xtr'.

 (./std.xtr)
\openout5 = `std.xtr'.

 (./std.xtr)
\openout5 = `std.xtr'.


(./std.xtr)
\openout5 = `std.xtr'.

 (./std.xtr) [258



] [259] [260] [261]
\openout5 = `std.xtr'.

 (./std.xtr)
\openout5 = `std.xtr'.

 (./std.xtr)
\openout5 = `std.xtr'.


(./std.xtr)
\openout5 = `std.xtr'.

 (./std.xtr)
\openout5 = `std.xtr'.

 (./std.xtr)
\openout5 = `std.xtr'.

 (./std.xtr)
\openout5 = `std.xtr'.

 (./std.xtr) [262] [263]
[264] [265] [266] [267] [268] [269] [270] [271] [272] [273] [274] [275]
[276] [277]
\openout5 = `std.xtr'.

 (./std.xtr)
\openout5 = `std.xtr'.

 (./std.xtr)
\openout5 = `std.xtr'.

 (./std.xtr) [278] [279] [280] [281]
[282] [283] [284] [285] [286]
\openout5 = `std.xtr'.

 (./std.xtr)
\openout5 = `std.xtr'.

 (./std.xtr)
\openout5 = `std.xtr'.

 (./std.xtr)
\openout5 = `std.xtr'.

 (./std.xtr)
\openout5 = `std.xtr'.


(./std.xtr [287])
<figdag.pdf, id=16719, 206.7725pt x 266.9975pt>
File: figdag.pdf Graphic file (type pdf)
<use figdag.pdf>
Package pdftex.def Info: figdag.pdf  used on input line 3590.
(pdftex.def)             Requested size: 72.37144pt x 93.45052pt.
 [288 <./figdag.pdf>]
<fignonvirt.pdf, id=16746, 297.11pt x 266.9975pt>
File: fignonvirt.pdf Graphic file (type pdf)
<use fignonvirt.pdf>
Package pdftex.def Info: fignonvirt.pdf  used on input line 3690.
(pdftex.def)             Requested size: 103.99005pt x 93.45052pt.
 [289 <./fignonvirt.pdf>]
<figvirt.pdf, id=16767, 297.11pt x 266.9975pt>
File: figvirt.pdf Graphic file (type pdf)
<use figvirt.pdf>
Package pdftex.def Info: figvirt.pdf  used on input line 3716.
(pdftex.def)             Requested size: 103.99005pt x 93.45052pt.
<figvirtnonvirt.pdf, id=16770, 459.7175pt x 266.9975pt>
File: figvirtnonvirt.pdf Graphic file (type pdf)
<use figvirtnonvirt.pdf>
Package pdftex.def Info: figvirtnonvirt.pdf  used on input line 3754.
(pdftex.def)             Requested size: 160.90353pt x 93.45052pt.
 [290 <./figvirt.pdf> <./figvirtnonvirt.pdf

pdfTeX warning: pdflatex (file ./figvirtnonvirt.pdf): PDF inclusion: multiple p
dfs with page group included in a single page
>] [291] [292] [293] [294] [295] [296] [297] [298] [299] [300] [301] [302]
[303] [304] [305]
\openout5 = `std.xtr'.

 (./std.xtr)
\openout5 = `std.xtr'.

 (./std.xtr)
\openout5 = `std.xtr'.

 (./std.xtr)
\openout5 = `std.xtr'.

 (./std.xtr) [306]
[307] [308] [309] [310] [311] [312] [313] [314] [315] [316] [317] [318])
[319]
\openout2 = `overloading.aux'.

 (./overloading.tex
\openout5 = `std.xtr'.

 (./std.xtr) [320



] [321] [322] [323] [324] [325]
[326] [327] [328] [329] [330] [331] [332] [333] [334] [335] [336] [337]
[338] [339] [340] [341] [342] [343] [344] [345]
\openout5 = `std.xtr'.

 (./std.xtr)
\openout5 = `std.xtr'.

 (./std.xtr
Underfull \hbox (badness 10000) in paragraph at lines 4--10

 []

) [346] [347] [348] [349] [350]
\openout5 = `std.xtr'.

 (./std.xtr) [351]) [352]
\openout2 = `templates.aux'.

 (./templates.tex
\openout5 = `std.xtr'.


(./std.xtr)
\openout5 = `std.xtr'.

 (./std.xtr)
\openout5 = `std.xtr'.

 (./std.xtr)
\openout5 = `std.xtr'.

 (./std.xtr)
\openout5 = `std.xtr'.

 (./std.xtr)
\openout5 = `std.xtr'.

 (./std.xtr)
\openout5 = `std.xtr'.


(./std.xtr) [353



]
\openout5 = `std.xtr'.

 (./std.xtr)
\openout5 = `std.xtr'.

 (./std.xtr)
\openout5 = `std.xtr'.

 (./std.xtr [354])
\openout5 = `std.xtr'.

 (./std.xtr)
[355] [356] [357]
\openout5 = `std.xtr'.

 (./std.xtr)
\openout5 = `std.xtr'.

 (./std.xtr)
\openout5 = `std.xtr'.

 (./std.xtr)
\openout5 = `std.xtr'.

 (./std.xtr)
\openout5 = `std.xtr'.

 (./std.xtr)
[358] [359] [360] [361] [362] [363] [364] [365] [366] [367] [368]
\openout5 = `std.xtr'.

 (./std.xtr)
[369] [370] [371] [372] [373]
\openout5 = `std.xtr'.

 (./std.xtr) [374] [375] [376] [377] [378]
[379] [380] [381] [382] [383] [384] [385] [386] [387] [388] [389] [390]
[391]
\openout5 = `std.xtr'.

 (./std.xtr)
\openout5 = `std.xtr'.

 (./std.xtr [392]) [393]
\openout5 = `std.xtr'.

 (./std.xtr) [394] [395] [396]
[397] [398] [399] [400] [401] [402] [403] [404] [405] [406] [407] [408]
[409] [410] [411]
\openout5 = `std.xtr'.

 (./std.xtr [412]) [413] [414]
\openout5 = `std.xtr'.

 (./std.xtr) [415] [416]
[417] [418] [419] [420] [421] [422] [423] [424] [425] [426] [427] [428]
[429] [430] [431] [432] [433] [434] [435] [436] [437]) [438]
\openout2 = `exceptions.aux'.

 (./exceptions.tex
\openout5 = `std.xtr'.


(./std.xtr)
\openout5 = `std.xtr'.

 (./std.xtr)
\openout5 = `std.xtr'.

 (./std.xtr)
\openout5 = `std.xtr'.

 (./std.xtr)
\openout5 = `std.xtr'.

 (./std.xtr)
\openout5 = `std.xtr'.

 (./std.xtr)
[439



] [440] [441] [442] [443]
\openout5 = `std.xtr'.

 (./std.xtr
Underfull \hbox (badness 10000) in paragraph at lines 2--5

 []

) [444] [445] [446]) [447]
\openout2 = `preprocessor.aux'.

 (./preprocessor.tex
\openout5 = `std.xtr'.

 (./std.xtr)
\openout5 = `std.xtr'.

 (./std.xtr)
\openout5 = `std.xtr'.


(./std.xtr)
\openout5 = `std.xtr'.

 (./std.xtr)
\openout5 = `std.xtr'.

 (./std.xtr)
\openout5 = `std.xtr'.

 (./std.xtr)
\openout5 = `std.xtr'.

 (./std.xtr)
\openout5 = `std.xtr'.

 (./std.xtr)
\openout5 = `std.xtr'.


(./std.xtr)
\openout5 = `std.xtr'.

 (./std.xtr)
\openout5 = `std.xtr'.

 (./std.xtr)
\openout5 = `std.xtr'.

 (./std.xtr)
\openout5 = `std.xtr'.

 (./std.xtr)
\openout5 = `std.xtr'.

 (./std.xtr)
\openout5 = `std.xtr'.


(./std.xtr)
\openout5 = `std.xtr'.

 (./std.xtr)
\openout5 = `std.xtr'.

 (./std.xtr [448



])
\openout5 = `std.xtr'.

 (./std.xtr)
\openout5 = `std.xtr'.

 (./std.xtr)
\openout5 = `std.xtr'.

 (./std.xtr)
\openout5 = `std.xtr'.


(./std.xtr) [449]
\openout5 = `std.xtr'.

 (./std.xtr)
\openout5 = `std.xtr'.

 (./std.xtr)
\openout5 = `std.xtr'.

 (./std.xtr)
\openout5 = `std.xtr'.

 (./std.xtr)
\openout5 = `std.xtr'.

 (./std.xtr)
\openout5 = `std.xtr'.


(./std.xtr) [450] [451] [452]
\openout5 = `std.xtr'.

 (./std.xtr)
\openout5 = `std.xtr'.

 (./std.xtr [453]) [454] [455]
\openout5 = `std.xtr'.


(./std.xtr) [456] [457] [458] [459] [460] [461] [462] [463]) [464]
\openout2 = `lib-intro.aux'.


(./lib-intro.tex [465



] [466] [467] [468] [469] [470]
Package microtype Info: Character `029' is missing
(microtype)             in font `T1/lmr/m/sc/8'.
(microtype)             Ignoring protrusion settings for this character.


LaTeX Font Warning: Font shape `T1/lmr/m/scit' undefined
(Font)              using `T1/lmr/m/scsl' instead on input line 766.


LaTeX Font Warning: Font shape `T1/lmr/m/scit' undefined
(Font)              using `T1/lmr/m/scsl' instead on input line 769.


LaTeX Font Warning: Font shape `T1/lmr/m/scit' undefined
(Font)              using `T1/lmr/m/scsl' instead on input line 773.


LaTeX Font Warning: Font shape `T1/lmr/m/scit' undefined
(Font)              using `T1/lmr/m/scsl' instead on input line 778.

[471]

LaTeX Font Warning: Font shape `T1/lmr/m/scit' undefined
(Font)              using `T1/lmr/m/scsl' instead on input line 804.

[472] [473] [474] [475] [476]

LaTeX Warning: Text page 477 contains only floats.

[477] [478] [479] [480] [481] [482] [483] [484] [485] [486] [487] [488]
[489] [490] [491] [492] [493]) [494]
\openout2 = `support.aux'.

 (./support.tex [495



] [496] [497] [498]
[499] [500] [501] [502] [503] [504] [505] [506] [507] [508] [509] [510]
[511] [512] [513] [514] [515] [516] [517] [518] [519] [520] [521]
Underfull \hbox (badness 1189) in paragraph at lines 3421--3424
[]|\T1/lmr/m/n/10 (+20) A name of the cur-rent func-tion such as in
 []

[522] [523] [524] [525] [526] [527] [528] [529] [530] [531] [532] [533]
[534] [535] [536] [537] [538] [539] [540] [541] [542] [543]) [544]
\openout2 = `concepts.aux'.


(./concepts.tex [545



] [546] [547] [548] [549] [550] [551] [552] [553] [554]
[555] [556]) [557]
\openout2 = `diagnostics.aux'.

 (./diagnostics.tex [558



] [559] [560] [561] [562] [563]
[564] [565] [566] [567] [568] [569] [570] [571] [572] [573] [574] [575]
[576]) [577]
\openout2 = `memory.aux'.

 (./memory.tex [578



] [579] [580] [581] [582] [583] [584] [585]
[586] [587] [588] [589] [590] [591] [592] [593] [594] [595] [596] [597]
[598] [599] [600] [601] [602] [603] [604] [605] [606] [607] [608] [609]
[610] [611] [612] [613] [614] [615] [616] [617] [618] [619] [620] [621]
[622] [623] [624] [625] [626] [627] [628] [629] [630] [631] [632]) [633]
\openout2 = `meta.aux'.


(./meta.tex [634



] [635] [636] [637] [638] [639] [640] [641] [642] [643]
[644] [645] [646] [647] [648] [649] [650] [651] [652] [653] [654] [655]
[656] [657] [658] [659] [660] [661]) [662]
\openout2 = `utilities.aux'.

 (./utilities.tex [663



] [664]
[665] [666] [667] [668] [669] [670] [671] [672] [673] [674] [675] [676]
[677] [678] [679] [680] [681] [682] [683] [684] [685] [686] [687] [688]
[689] [690]
Underfull \hbox (badness 2351) in paragraph at lines 3227--3228
[]|\T1/lmr/m/n/10 (+20) direct-non-list-initializes the
 []


Underfull \hbox (badness 10000) in paragraph at lines 3279--3280
[]|\T1/lmr/m/n/10 (+20) direct-non-list-initializes
 []


Underfull \hbox (badness 6708) in paragraph at lines 3279--3280
\T1/lmr/m/n/10 (+20) the con-tained value with
 []

[691]
Underfull \hbox (badness 2351) in paragraph at lines 3378--3379
[]|\T1/lmr/m/n/10 (+20) direct-non-list-initializes the
 []

[692]
Underfull \hbox (badness 10000) in paragraph at lines 3441--3442
[]|\T1/lmr/m/n/10 (+20) direct-non-list-initializes
 []


Underfull \hbox (badness 6708) in paragraph at lines 3441--3442
\T1/lmr/m/n/10 (+20) the con-tained value with
 []

[693]
Underfull \hbox (badness 2351) in paragraph at lines 3558--3562
[]|\T1/lmr/m/n/10 (+20) direct-non-list-initializes the
 []


Underfull \hbox (badness 5548) in paragraph at lines 3558--3562
\T1/lmr/m/n/10 (+20) con-tained value of \T1/lmtt/m/n/10 *this
 []


Underfull \hbox (badness 1629) in paragraph at lines 3558--3562
\T1/lmr/m/n/10 (+20) with \T1/lmtt/m/n/10 std::move(*rhs)\T1/lmr/m/n/10 (+20) ,
 fol-
 []


Underfull \hbox (badness 10000) in paragraph at lines 3565--3568
[]|\T1/lmr/m/n/10 (+20) direct-non-list-initializes
 []


Underfull \hbox (badness 4686) in paragraph at lines 3565--3568
\T1/lmr/m/n/10 (+20) with \T1/lmtt/m/n/10 std::move(*(*this))\T1/lmr/m/n/10 (+2
0) ,
 []


Underfull \hbox (badness 3792) in paragraph at lines 3565--3568
\T1/lmr/m/n/10 (+20) fol-lowed by \T1/lmtt/m/n/10 val->T::[]T()\T1/lmr/m/n/10 (
+20) ;
 []

[694] [695] [696] [697] [698] [699] [700] [701] [702] [703] [704] [705]
[706] [707] [708] [709] [710] [711] [712] [713] [714] [715] [716] [717]
[718] [719] [720] [721] [722] [723] [724] [725] [726] [727] [728] [729]
[730] [731] [732] [733] [734] [735] [736] [737] [738] [739] [740] [741]
[742] [743] [744] [745] [746] [747] [748] [749] [750] [751] [752] [753]
[754] [755] [756] [757] [758] [759] [760] [761] [762] [763] [764] [765]
[766] [767] [768] [769] [770] [771] [772] [773] [774] [775] [776] [777]

LaTeX Font Warning: Font shape `T1/lmtt/bx/it' in size <10.95> not available
(Font)              Font shape `T1/lmtt/b/sl' tried instead on input line 14214
.

[778] [779] [780] [781] [782] [783] [784] [785] [786]

LaTeX Font Warning: Font shape `T1/lmtt/bx/it' in size <10> not available
(Font)              Font shape `T1/lmtt/b/sl' tried instead on input line 15355
.

[787] [788] [789] [790] [791]) [792]
\openout2 = `strings.aux'.

 (./strings.tex [793



] [794] [795] [796]
[797] [798] [799] [800] [801] [802] [803] [804] [805] [806] [807] [808]
[809] [810] [811] [812] [813] [814] [815] [816] [817] [818] [819] [820]
[821] [822] [823] [824] [825] [826] [827] [828] [829] [830] [831] [832]
[833] [834] [835] [836] [837] [838] [839]) [840]
\openout2 = `containers.aux'.

 (./containers.tex [841



]

Package Listings Warning: Text dropped after begin of listing on input line 206
.

[842] [843] [844] [845] [846] [847] [848] [849] [850] [851] [852] [853]
[854]
Underfull \hbox (badness 1019) in paragraph at lines 2327--2331
[]\T1/lmr/m/n/10 (+20) If \T1/lmtt/m/n/10 !alloc_ \T1/lmr/m/n/10 (+20) or \T1/l
mtt/m/n/10 ator_-traits::propagate_-on_-container_-move_-assignment::value \T1/
lmr/m/n/10 (+20) is \T1/lmtt/m/n/10 true\T1/lmr/m/n/10 (+20) ,
 []

[855] [856] [857] [858] [859] [860] [861] [862] [863] [864] [865] [866]
[867] [868] [869] [870] [871] [872] [873] [874] [875] [876] [877] [878]
[879] [880] [881] [882] [883] [884] [885] [886] [887] [888] [889] [890]
[891] [892] [893] [894] [895] [896] [897] [898] [899] [900] [901] [902]
[903] [904] [905] [906] [907] [908] [909] [910] [911] [912] [913] [914]
[915] [916] [917] [918] [919] [920] [921] [922] [923] [924] [925] [926]
[927] [928] [929] [930] [931] [932] [933] [934] [935] [936] [937] [938]
[939] [940] [941] [942] [943] [944] [945] [946] [947] [948] [949] [950]
[951] [952] [953] [954] [955] [956] [957] [958] [959] [960] [961] [962]
[963] [964] [965]) [966]
\openout2 = `iterators.aux'.

 (./iterators.tex [967



] [968] [969] [970] [971]
[972] [973] [974] [975] [976] [977] [978] [979] [980] [981] [982] [983]
[984] [985] [986] [987] [988] [989] [990] [991] [992] [993] [994] [995]
[996] [997] [998] [999] [1000] [1001] [1002] [1003] [1004] [1005] [1006]
[1007] [1008] [1009] [1010] [1011] [1012] [1013] [1014] [1015] [1016] [1017]
[1018] [1019] [1020] [1021] [1022] [1023] [1024] [1025]) [1026]
\openout2 = `ranges.aux'.

 (./ranges.tex
[1027



] [1028] [1029] [1030] [1031] [1032] [1033] [1034] [1035] [1036] [1037]
[1038] [1039] [1040] [1041] [1042] [1043] [1044] [1045] [1046] [1047] [1048]
[1049] [1050] [1051] [1052] [1053] [1054] [1055] [1056] [1057] [1058] [1059]
[1060] [1061] [1062] [1063] [1064] [1065] [1066] [1067] [1068] [1069] [1070]
[1071] [1072] [1073] [1074] [1075]
Underfull \hbox (badness 4132) in paragraph at lines 5391--5400
\T1/lmtt/m/n/10 sized_-range[]\T1/lmr/m/n/10 (+20) , then \T1/lmtt/m/n/10 T(ran
ges::begin(E) + std::min<D>(ranges::distance(E), F), ranges::
 []

[1076] [1077] [1078] [1079] [1080] [1081] [1082] [1083] [1084] [1085] [1086]
Underfull \hbox (badness 1454) in paragraph at lines 6356--6363
\T1/lmtt/m/n/10 iterator_-traits<\T1/lmtt/m/it/10 InnerIter\T1/lmtt/m/n/10 >::i
terator_-category\T1/lmr/m/n/10 (+20) , and let \T1/lmr/m/it/10 (+20) PAT-TERNC
 \T1/lmr/m/n/10 (+20) de-note \T1/lmtt/m/n/10 iterator_--
 []

[1087] [1088] [1089] [1090] [1091] [1092] [1093] [1094]
Underfull \hbox (badness 3646) in paragraph at lines 7142--7145
[]\T1/lmtt/m/n/10 forward_-iterator_-tag \T1/lmr/m/n/10 (+20) if \T1/lmtt/m/n/1
0 iterator_-traits<iterator_-t<\T1/lmtt/m/it/10 Base\T1/lmtt/m/n/10 >>::iterato
r_-category \T1/lmr/m/n/10 (+20) mod-els
 []

[1095] [1096] [1097] [1098] [1099] [1100] [1101] [1102] [1103] [1104] [1105]
[1106] [1107] [1108] [1109] [1110] [1111] [1112] [1113] [1114] [1115] [1116]
[1117] [1118] [1119] [1120] [1121] [1122] [1123] [1124] [1125] [1126]
Underfull \hbox (badness 1472) in paragraph at lines 10614--10619
[]\T1/lmr/m/n/10 (+20) If \T1/lmtt/m/n/10 invoke_-result_-t<\T1/lmtt/m/it/10 ma
ybe-const\T1/lmtt/m/n/10 <Const, F>&, \T1/lmtt/m/it/10 REPEAT\T1/lmtt/m/n/10 (r
ange_-reference_-t<\T1/lmtt/m/it/10 Base\T1/lmtt/m/n/10 >, N)...> \T1/lmr/m/n/1
0 (+20) is
 []

[1127] [1128] [1129] [1130] [1131] [1132] [1133] [1134] [1135] [1136] [1137]
[1138] [1139] [1140] [1141] [1142] [1143] [1144] [1145] [1146]) [1147]
\openout2 = `algorithms.aux'.


(./algorithms.tex [1148



] [1149] [1150] [1151] [1152] [1153] [1154] [1155]
[1156] [1157] [1158] [1159] [1160] [1161] [1162] [1163] [1164] [1165] [1166]
[1167] [1168] [1169] [1170] [1171] [1172] [1173] [1174] [1175] [1176] [1177]
[1178] [1179] [1180] [1181] [1182] [1183] [1184] [1185] [1186] [1187] [1188]
[1189] [1190] [1191] [1192] [1193] [1194] [1195] [1196] [1197] [1198] [1199]
[1200]
Underfull \hbox (badness 10000) in paragraph at lines 3973--3975
[]\T1/lmtt/m/n/10 invoke(pred, invoke(proj1, *i), invoke(proj2, *(first2 + (i -
 first1)))) \T1/lmr/m/n/10 (+20) for
 []

[1201] [1202] [1203] [1204] [1205] [1206] [1207] [1208] [1209]
Underfull \hbox (badness 10000) in paragraph at lines 4962--4964
[]\T1/lmtt/m/n/10 invoke(binary_-op, invoke(proj1, *(first1 + (i - result))), i
nvoke(proj2,
 []

[1210] [1211]
Underfull \hbox (badness 10000) in paragraph at lines 5152--5154
[]\T1/lmtt/m/n/10 bool(invoke(pred, invoke(proj, *(first + (i - result))))) \T1
/lmr/m/n/10 (+20) for \T1/lmtt/m/n/10 ranges::replace_--
 []

[1212] [1213] [1214]
Underfull \hbox (badness 1838) in paragraph at lines 5524--5526
[]\T1/lmtt/m/n/10 bool(invoke(comp, invoke(proj, *(i - 1)), invoke(proj, *i))) 
\T1/lmr/m/n/10 (+20) for the over-loads in
 []

[1215]
Underfull \hbox (badness 1838) in paragraph at lines 5610--5612
[]\T1/lmtt/m/n/10 bool(invoke(comp, invoke(proj, *i), invoke(proj, *(i - 1)))) 
\T1/lmr/m/n/10 (+20) for the over-loads in
 []

[1216] [1217] [1218] [1219] [1220] [1221] [1222] [1223] [1224] [1225] [1226]
[1227] [1228] [1229] [1230] [1231] [1232] [1233] [1234] [1235] [1236] [1237]
[1238] [1239] [1240] [1241] [1242] [1243] [1244] [1245] [1246] [1247] [1248]
[1249] [1250] [1251] [1252] [1253] [1254] [1255] [1256] [1257] [1258] [1259]
[1260] [1261] [1262] [1263] [1264] [1265]) [1266] [1267]
\openout2 = `numerics.aux'.

 (./numerics.tex
[1268



] [1269] [1270] [1271] [1272] [1273] [1274] [1275] [1276]
LaTeX Font Info:    Trying to load font information for OT1+lmss on input line 
1360.

(/usr/share/texmf/tex/latex/lm/ot1lmss.fd
File: ot1lmss.fd 2009/10/30 v1.6 Font defs for Latin Modern
)
Package microtype Info: Loading generic protrusion settings for font family
(microtype)             `lmss' (encoding: OT1).
(microtype)             For optimal results, create family-specific settings.
(microtype)             See the microtype manual for details.
 [1277] [1278] [1279] [1280] [1281]
[1282] [1283] [1284] [1285] [1286] [1287] [1288] [1289] [1290] [1291] [1292]
[1293] [1294] [1295] [1296] [1297] [1298] [1299] [1300] [1301] [1302] [1303]
[1304] [1305] [1306] [1307] [1308] [1309] [1310] [1311] [1312] [1313] [1314]
[1315] [1316] [1317] [1318] [1319] [1320] [1321] [1322] [1323] [1324] [1325]
[1326] [1327] [1328] [1329] [1330] [1331] [1332] [1333] [1334] [1335] [1336]
[1337] [1338] [1339] [1340] [1341] [1342] [1343] [1344] [1345] [1346] [1347]
[1348] [1349] [1350] [1351] [1352] [1353]) [1354]
\openout2 = `time.aux'.

 (./time.tex [1355



] [1356]
[1357] [1358] [1359] [1360] [1361] [1362] [1363] [1364] [1365] [1366] [1367]
[1368] [1369] [1370] [1371] [1372] [1373] [1374] [1375] [1376]
Package microtype Info: Character `texttrademark ' is missing
(microtype)             in font `TS1/lmtt/m/n/10'.
(microtype)             Ignoring protrusion settings for this character.
 [1377] [1378]
[1379] [1380] [1381] [1382] [1383] [1384] [1385] [1386] [1387] [1388] [1389]
[1390] [1391] [1392] [1393] [1394] [1395] [1396] [1397] [1398] [1399] [1400]
[1401] [1402] [1403] [1404] [1405] [1406] [1407] [1408] [1409] [1410] [1411]
[1412] [1413] [1414] [1415] [1416] [1417] [1418] [1419] [1420]
LaTeX Font Info:    Font shape `T1/lmtt/bx/n' in size <9> not available
(Font)              Font shape `T1/lmtt/b/n' tried instead on input line 8455.
 [1421] [1422]
[1423] [1424] [1425] [1426] [1427] [1428] [1429] [1430] [1431] [1432] [1433]
[1434] [1435] [1436] [1437] [1438] [1439] [1440] [1441] [1442] [1443] [1444])
[1445]
\openout2 = `locales.aux'.

 (./locales.tex [1446



] [1447] [1448] [1449] [1450] [1451] [1452] [1453]
[1454] [1455] [1456] [1457] [1458] [1459] [1460] [1461] [1462] [1463] [1464]
[1465] [1466] [1467] [1468] [1469] [1470] [1471] [1472] [1473] [1474] [1475]
[1476] [1477] [1478] [1479] [1480] [1481] [1482] [1483] [1484]) [1485]
\openout2 = `iostreams.aux'.


(./iostreams.tex [1486



] [1487] [1488] [1489] [1490] [1491] [1492] [1493]
[1494] [1495] [1496] [1497] [1498] [1499] [1500] [1501] [1502] [1503] [1504]
[1505] [1506] [1507] [1508] [1509] [1510] [1511] [1512] [1513] [1514] [1515]
[1516] [1517] [1518] [1519] [1520] [1521] [1522] [1523] [1524] [1525] [1526]
[1527] [1528] [1529] [1530] [1531] [1532] [1533] [1534] [1535] [1536] [1537]
[1538] [1539] [1540] [1541] [1542] [1543] [1544] [1545]
Underfull \hbox (badness 10000) in paragraph at lines 8446--8451
\T1/lmr/m/n/10 (+20) and \T1/lmtt/m/n/10 sb \T1/lmr/m/n/10 (+20) with \T1/lmtt/
m/n/10 basic_-stringbuf<charT, traits, Allocator>(s, which | ios_-base::in)
 []


Underfull \hbox (badness 10000) in paragraph at lines 8493--8498
\T1/lmr/m/n/10 (+20) and \T1/lmtt/m/n/10 sb \T1/lmr/m/n/10 (+20) with \T1/lmtt/
m/n/10 basic_-stringbuf<charT, traits, Allocator>(s, which | ios_-base::in, a)
 []

[1546] [1547]
Underfull \hbox (badness 10000) in paragraph at lines 8762--8767
\T1/lmr/m/n/10 (+20) and \T1/lmtt/m/n/10 sb \T1/lmr/m/n/10 (+20) with \T1/lmtt/
m/n/10 basic_-stringbuf<charT, traits, Allocator>(s, which | ios_-base::out)
 []


Underfull \hbox (badness 10000) in paragraph at lines 8776--8781
\T1/lmr/m/n/10 (+20) and \T1/lmtt/m/n/10 sb \T1/lmr/m/n/10 (+20) with \T1/lmtt/
m/n/10 basic_-stringbuf<charT, traits, Allocator>(which | ios_-base::out, a)
 []


Underfull \hbox (badness 7099) in paragraph at lines 8809--8814
\T1/lmr/m/n/10 (+20) and \T1/lmtt/m/n/10 sb \T1/lmr/m/n/10 (+20) with \T1/lmtt/
m/n/10 basic_-stringbuf<charT, traits, Allocator>(s, which | ios_-base::out, a)

 []

[1548]
Underfull \hbox (badness 10000) in paragraph at lines 8830--8835
\T1/lmr/m/n/10 (+20) and \T1/lmtt/m/n/10 sb \T1/lmr/m/n/10 (+20) with \T1/lmtt/
m/n/10 basic_-stringbuf<charT, traits, Allocator>(s, which | ios_-base::out)
 []

[1549] [1550] [1551] [1552] [1553] [1554] [1555] [1556] [1557] [1558] [1559]
[1560] [1561] [1562] [1563] [1564] [1565] [1566] [1567] [1568] [1569] [1570]
[1571] [1572] [1573] [1574] [1575] [1576] [1577] [1578] [1579] [1580] [1581]
[1582] [1583] [1584] [1585] [1586] [1587] [1588] [1589] [1590] [1591] [1592]
[1593] [1594] [1595] [1596] [1597] [1598] [1599] [1600] [1601] [1602] [1603]
[1604] [1605] [1606] [1607] [1608] [1609] [1610] [1611] [1612] [1613] [1614]
[1615] [1616] [1617] [1618] [1619] [1620] [1621] [1622] [1623]) [1624]
\openout2 = `regex.aux'.


(./regex.tex [1625



] [1626] [1627] [1628] [1629] [1630] [1631] [1632] [1633]
[1634] [1635] [1636] [1637] [1638] [1639] [1640] [1641] [1642] [1643]
Underfull \hbox (badness 4156) in paragraph at lines 2294--2294
[]|\T1/lmtt/m/n/10 m.str(n) \T1/lmr/m/n/10 (+20) for all non-negative in-te-ger
s \T1/lmtt/m/n/10 n <
 []

[1644] [1645] [1646] [1647] [1648] [1649] [1650] [1651] [1652] [1653] [1654]
[1655] [1656] [1657]) [1658]
\openout2 = `threads.aux'.

 (./threads.tex [1659



] [1660] [1661] [1662]
[1663] [1664] [1665] [1666] [1667] [1668] [1669] [1670] [1671] [1672] [1673]
[1674] [1675] [1676] [1677] [1678] [1679] [1680] [1681] [1682] [1683] [1684]
[1685] [1686] [1687] [1688] [1689] [1690] [1691] [1692] [1693] [1694] [1695]
[1696] [1697] [1698] [1699] [1700] [1701] [1702] [1703] [1704] [1705] [1706]
[1707] [1708] [1709] [1710] [1711] [1712] [1713] [1714] [1715] [1716] [1717]
[1718] [1719] [1720] [1721] [1722] [1723] [1724] [1725] [1726] [1727] [1728]
[1729] [1730] [1731] [1732] [1733] [1734] [1735] [1736] [1737] [1738] [1739]
[1740] [1741] [1742] [1743] [1744] [1745] [1746] [1747] [1748] [1749] [1750]
[1751]) [1752]
\openout2 = `grammar.aux'.

 (./grammar.tex
\openout4 = `std-gram-dummy.tmp'.

 (./std-gram.ext
\openout5 = `std.xtr'.

 (./std.xtr)
\openout5 = `std.xtr'.

 (./std.xtr)
\openout5 = `std.xtr'.


(./std.xtr)
\openout5 = `std.xtr'.

 (./std.xtr)
\openout5 = `std.xtr'.

 (./std.xtr [1753



])
\openout5 = `std.xtr'.

 (./std.xtr)
\openout5 = `std.xtr'.

 (./std.xtr)
\openout5 = `std.xtr'.

 (./std.xtr)
\openout5 = `std.xtr'.


(./std.xtr)
\openout5 = `std.xtr'.

 (./std.xtr)
\openout5 = `std.xtr'.

 (./std.xtr)
\openout5 = `std.xtr'.

 (./std.xtr)
\openout5 = `std.xtr'.

 (./std.xtr)
\openout5 = `std.xtr'.

 (./std.xtr)
\openout5 = `std.xtr'.


(./std.xtr)
\openout5 = `std.xtr'.

 (./std.xtr)
\openout5 = `std.xtr'.

 (./std.xtr)
\openout5 = `std.xtr'.

 (./std.xtr)
\openout5 = `std.xtr'.

 (./std.xtr [1754])
\openout5 = `std.xtr'.

 (./std.xtr)
\openout5 = `std.xtr'.


(./std.xtr)
\openout5 = `std.xtr'.

 (./std.xtr)
\openout5 = `std.xtr'.

 (./std.xtr)
\openout5 = `std.xtr'.

 (./std.xtr)
\openout5 = `std.xtr'.

 (./std.xtr)
\openout5 = `std.xtr'.

 (./std.xtr)
\openout5 = `std.xtr'.


(./std.xtr)
\openout5 = `std.xtr'.

 (./std.xtr)
\openout5 = `std.xtr'.

 (./std.xtr)
\openout5 = `std.xtr'.

 (./std.xtr)
\openout5 = `std.xtr'.

 (./std.xtr)
\openout5 = `std.xtr'.

 (./std.xtr)
\openout5 = `std.xtr'.


(./std.xtr [1755])
\openout5 = `std.xtr'.

 (./std.xtr)
\openout5 = `std.xtr'.

 (./std.xtr)
\openout5 = `std.xtr'.

 (./std.xtr)
\openout5 = `std.xtr'.

 (./std.xtr)
\openout5 = `std.xtr'.

 (./std.xtr)
\openout5 = `std.xtr'.


(./std.xtr)
\openout5 = `std.xtr'.

 (./std.xtr)
\openout5 = `std.xtr'.

 (./std.xtr)
\openout5 = `std.xtr'.

 (./std.xtr)
\openout5 = `std.xtr'.

 (./std.xtr)
\openout5 = `std.xtr'.

 (./std.xtr)
\openout5 = `std.xtr'.


(./std.xtr)
\openout5 = `std.xtr'.

 (./std.xtr)
\openout5 = `std.xtr'.

 (./std.xtr)
\openout5 = `std.xtr'.

 (./std.xtr)
\openout5 = `std.xtr'.

 (./std.xtr)
\openout5 = `std.xtr'.

 (./std.xtr)
\openout5 = `std.xtr'.


(./std.xtr)
\openout5 = `std.xtr'.

 (./std.xtr)
\openout5 = `std.xtr'.

 (./std.xtr [1756])
\openout5 = `std.xtr'.

 (./std.xtr)
\openout5 = `std.xtr'.

 (./std.xtr)
\openout5 = `std.xtr'.

 (./std.xtr)
\openout5 = `std.xtr'.


(./std.xtr)
\openout5 = `std.xtr'.

 (./std.xtr)
\openout5 = `std.xtr'.

 (./std.xtr)
\openout5 = `std.xtr'.

 (./std.xtr)
\openout5 = `std.xtr'.

 (./std.xtr)
\openout5 = `std.xtr'.

 (./std.xtr)
\openout5 = `std.xtr'.


(./std.xtr)
\openout5 = `std.xtr'.

 (./std.xtr)
\openout5 = `std.xtr'.

 (./std.xtr)
\openout5 = `std.xtr'.

 (./std.xtr)
\openout5 = `std.xtr'.

 (./std.xtr)
\openout5 = `std.xtr'.

 (./std.xtr)
\openout5 = `std.xtr'.


(./std.xtr)
\openout5 = `std.xtr'.

 (./std.xtr)
\openout5 = `std.xtr'.

 (./std.xtr)
\openout5 = `std.xtr'.

 (./std.xtr [1757])
\openout5 = `std.xtr'.

 (./std.xtr)
\openout5 = `std.xtr'.

 (./std.xtr)
\openout5 = `std.xtr'.


(./std.xtr)
\openout5 = `std.xtr'.

 (./std.xtr)
\openout5 = `std.xtr'.

 (./std.xtr)
\openout5 = `std.xtr'.

 (./std.xtr)
\openout5 = `std.xtr'.

 (./std.xtr)
\openout5 = `std.xtr'.

 (./std.xtr)
\openout5 = `std.xtr'.


(./std.xtr)
\openout5 = `std.xtr'.

 (./std.xtr)
\openout5 = `std.xtr'.

 (./std.xtr)
\openout5 = `std.xtr'.

 (./std.xtr)
\openout5 = `std.xtr'.

 (./std.xtr [1758])
\openout5 = `std.xtr'.

 (./std.xtr)
\openout5 = `std.xtr'.


(./std.xtr)
\openout5 = `std.xtr'.

 (./std.xtr)
\openout5 = `std.xtr'.

 (./std.xtr)
\openout5 = `std.xtr'.

 (./std.xtr)
\openout5 = `std.xtr'.

 (./std.xtr)
\openout5 = `std.xtr'.

 (./std.xtr)
\openout5 = `std.xtr'.


(./std.xtr)
\openout5 = `std.xtr'.

 (./std.xtr)
\openout5 = `std.xtr'.

 (./std.xtr)
\openout5 = `std.xtr'.

 (./std.xtr)
\openout5 = `std.xtr'.

 (./std.xtr)
\openout5 = `std.xtr'.

 (./std.xtr)
\openout5 = `std.xtr'.


(./std.xtr)
\openout5 = `std.xtr'.

 (./std.xtr)
\openout5 = `std.xtr'.

 (./std.xtr)
\openout5 = `std.xtr'.

 (./std.xtr [1759])
\openout5 = `std.xtr'.

 (./std.xtr)
\openout5 = `std.xtr'.

 (./std.xtr)
\openout5 = `std.xtr'.


(./std.xtr)
\openout5 = `std.xtr'.

 (./std.xtr)
\openout5 = `std.xtr'.

 (./std.xtr)
\openout5 = `std.xtr'.

 (./std.xtr)
\openout5 = `std.xtr'.

 (./std.xtr)
\openout5 = `std.xtr'.

 (./std.xtr)
\openout5 = `std.xtr'.


(./std.xtr)
\openout5 = `std.xtr'.

 (./std.xtr)
\openout5 = `std.xtr'.

 (./std.xtr)
\openout5 = `std.xtr'.

 (./std.xtr)
\openout5 = `std.xtr'.

 (./std.xtr)
\openout5 = `std.xtr'.

 (./std.xtr [1760])
\openout5 = `std.xtr'.


(./std.xtr)
\openout5 = `std.xtr'.

 (./std.xtr)
\openout5 = `std.xtr'.

 (./std.xtr)
\openout5 = `std.xtr'.

 (./std.xtr)
\openout5 = `std.xtr'.

 (./std.xtr)
\openout5 = `std.xtr'.

 (./std.xtr)
\openout5 = `std.xtr'.


(./std.xtr)
\openout5 = `std.xtr'.

 (./std.xtr)
\openout5 = `std.xtr'.

 (./std.xtr)
\openout5 = `std.xtr'.

 (./std.xtr)
\openout5 = `std.xtr'.

 (./std.xtr)
\openout5 = `std.xtr'.

 (./std.xtr)
\openout5 = `std.xtr'.


(./std.xtr)
\openout5 = `std.xtr'.

 (./std.xtr)
\openout5 = `std.xtr'.

 (./std.xtr)
\openout5 = `std.xtr'.

 (./std.xtr [1761])
\openout5 = `std.xtr'.

 (./std.xtr)
\openout5 = `std.xtr'.

 (./std.xtr)
\openout5 = `std.xtr'.


(./std.xtr)
\openout5 = `std.xtr'.

 (./std.xtr)
\openout5 = `std.xtr'.

 (./std.xtr)
\openout5 = `std.xtr'.

 (./std.xtr)
\openout5 = `std.xtr'.

 (./std.xtr)
\openout5 = `std.xtr'.

 (./std.xtr)
\openout5 = `std.xtr'.


(./std.xtr)
\openout5 = `std.xtr'.

 (./std.xtr)
\openout5 = `std.xtr'.

 (./std.xtr)
\openout5 = `std.xtr'.

 (./std.xtr)
\openout5 = `std.xtr'.

 (./std.xtr)
\openout5 = `std.xtr'.

 (./std.xtr)
\openout5 = `std.xtr'.


(./std.xtr [1762])
\openout5 = `std.xtr'.

 (./std.xtr)
\openout5 = `std.xtr'.

 (./std.xtr)
\openout5 = `std.xtr'.

 (./std.xtr)
\openout5 = `std.xtr'.

 (./std.xtr)
\openout5 = `std.xtr'.

 (./std.xtr)
\openout5 = `std.xtr'.


(./std.xtr)
\openout5 = `std.xtr'.

 (./std.xtr)
\openout5 = `std.xtr'.

 (./std.xtr)
\openout5 = `std.xtr'.

 (./std.xtr)
\openout5 = `std.xtr'.

 (./std.xtr)
\openout5 = `std.xtr'.

 (./std.xtr)
\openout5 = `std.xtr'.


(./std.xtr [1763])
\openout5 = `std.xtr'.

 (./std.xtr)
\openout5 = `std.xtr'.

 (./std.xtr)
\openout5 = `std.xtr'.

 (./std.xtr)
\openout5 = `std.xtr'.

 (./std.xtr)
\openout5 = `std.xtr'.

 (./std.xtr)
\openout5 = `std.xtr'.


(./std.xtr)
\openout5 = `std.xtr'.

 (./std.xtr)
\openout5 = `std.xtr'.

 (./std.xtr)
\openout5 = `std.xtr'.

 (./std.xtr)
\openout5 = `std.xtr'.

 (./std.xtr)
\openout5 = `std.xtr'.

 (./std.xtr)
\openout5 = `std.xtr'.


(./std.xtr)
\openout5 = `std.xtr'.

 (./std.xtr [1764])
\openout5 = `std.xtr'.

 (./std.xtr)
\openout5 = `std.xtr'.

 (./std.xtr)
\openout5 = `std.xtr'.

 (./std.xtr)
\openout5 = `std.xtr'.

 (./std.xtr)
\openout5 = `std.xtr'.


(./std.xtr)
\openout5 = `std.xtr'.

 (./std.xtr)
\openout5 = `std.xtr'.

 (./std.xtr)
\openout5 = `std.xtr'.

 (./std.xtr)
\openout5 = `std.xtr'.

 (./std.xtr)
\openout5 = `std.xtr'.

 (./std.xtr)
\openout5 = `std.xtr'.


(./std.xtr)
\openout5 = `std.xtr'.

 (./std.xtr)
\openout5 = `std.xtr'.

 (./std.xtr [1765])
\openout5 = `std.xtr'.

 (./std.xtr)
\openout5 = `std.xtr'.

 (./std.xtr)
\openout5 = `std.xtr'.

 (./std.xtr)
\openout5 = `std.xtr'.


(./std.xtr)
\openout5 = `std.xtr'.

 (./std.xtr)
\openout5 = `std.xtr'.

 (./std.xtr)
\openout5 = `std.xtr'.

 (./std.xtr)
\openout5 = `std.xtr'.

 (./std.xtr)
\openout5 = `std.xtr'.

 (./std.xtr)
\openout5 = `std.xtr'.


(./std.xtr)
\openout5 = `std.xtr'.

 (./std.xtr)
\openout5 = `std.xtr'.

 (./std.xtr)
\openout5 = `std.xtr'.

 (./std.xtr)
\openout5 = `std.xtr'.

 (./std.xtr)
\openout5 = `std.xtr'.

 (./std.xtr)
\openout5 = `std.xtr'.


(./std.xtr)
\openout5 = `std.xtr'.

 (./std.xtr)
\openout5 = `std.xtr'.

 (./std.xtr [1766])
\openout5 = `std.xtr'.

 (./std.xtr)
\openout5 = `std.xtr'.

 (./std.xtr)
\openout5 = `std.xtr'.

 (./std.xtr)
\openout5 = `std.xtr'.


(./std.xtr)
\openout5 = `std.xtr'.

 (./std.xtr)
\openout5 = `std.xtr'.

 (./std.xtr)
\openout5 = `std.xtr'.

 (./std.xtr)
\openout5 = `std.xtr'.

 (./std.xtr)
\openout5 = `std.xtr'.

 (./std.xtr)
\openout5 = `std.xtr'.


(./std.xtr)
\openout5 = `std.xtr'.

 (./std.xtr)
\openout5 = `std.xtr'.

 (./std.xtr)
\openout5 = `std.xtr'.

 (./std.xtr)
\openout5 = `std.xtr'.

 (./std.xtr)
\openout5 = `std.xtr'.

 (./std.xtr)
\openout5 = `std.xtr'.


(./std.xtr)
\openout5 = `std.xtr'.

 (./std.xtr)
\openout5 = `std.xtr'.

 (./std.xtr)
\openout5 = `std.xtr'.

 (./std.xtr)
\openout5 = `std.xtr'.

 (./std.xtr [1767])
\openout5 = `std.xtr'.

 (./std.xtr)
\openout5 = `std.xtr'.


(./std.xtr)
\openout5 = `std.xtr'.

 (./std.xtr)
\openout5 = `std.xtr'.

 (./std.xtr)
\openout5 = `std.xtr'.

 (./std.xtr)
\openout5 = `std.xtr'.

 (./std.xtr)
\openout5 = `std.xtr'.

 (./std.xtr)
\openout5 = `std.xtr'.


(./std.xtr)
\openout5 = `std.xtr'.

 (./std.xtr)
\openout5 = `std.xtr'.

 (./std.xtr)
\openout5 = `std.xtr'.

 (./std.xtr)
\openout5 = `std.xtr'.

 (./std.xtr)
\openout5 = `std.xtr'.

 (./std.xtr)
\openout5 = `std.xtr'.


(./std.xtr)
\openout5 = `std.xtr'.

 (./std.xtr)
\openout5 = `std.xtr'.

 (./std.xtr)
\openout5 = `std.xtr'.

 (./std.xtr)
\openout5 = `std.xtr'.

 (./std.xtr)
\openout5 = `std.xtr'.

 (./std.xtr)
\openout5 = `std.xtr'.


(./std.xtr)
\openout5 = `std.xtr'.

 (./std.xtr)
\openout5 = `std.xtr'.

 (./std.xtr [1768])
\openout5 = `std.xtr'.

 (./std.xtr)
\openout5 = `std.xtr'.

 (./std.xtr)
\openout5 = `std.xtr'.

 (./std.xtr)
\openout5 = `std.xtr'.


(./std.xtr)
\openout5 = `std.xtr'.

 (./std.xtr)
\openout5 = `std.xtr'.

 (./std.xtr)
\openout5 = `std.xtr'.

 (./std.xtr)
\openout5 = `std.xtr'.

 (./std.xtr)
\openout5 = `std.xtr'.

 (./std.xtr)
\openout5 = `std.xtr'.


(./std.xtr)
\openout5 = `std.xtr'.

 (./std.xtr)
\openout5 = `std.xtr'.

 (./std.xtr)
\openout5 = `std.xtr'.

 (./std.xtr)
\openout5 = `std.xtr'.

 (./std.xtr)
\openout5 = `std.xtr'.

 (./std.xtr)
\openout5 = `std.xtr'.


(./std.xtr)
\openout5 = `std.xtr'.

 (./std.xtr)
\openout5 = `std.xtr'.

 (./std.xtr)
\openout5 = `std.xtr'.

 (./std.xtr [1769])
\openout5 = `std.xtr'.

 (./std.xtr)
\openout5 = `std.xtr'.

 (./std.xtr)
\openout5 = `std.xtr'.


(./std.xtr)
\openout5 = `std.xtr'.

 (./std.xtr)
\openout5 = `std.xtr'.

 (./std.xtr)
\openout5 = `std.xtr'.

 (./std.xtr)
\openout5 = `std.xtr'.

 (./std.xtr)
\openout5 = `std.xtr'.

 (./std.xtr)
\openout5 = `std.xtr'.


(./std.xtr)
\openout5 = `std.xtr'.

 (./std.xtr)
\openout5 = `std.xtr'.

 (./std.xtr)
\openout5 = `std.xtr'.

 (./std.xtr)
\openout5 = `std.xtr'.

 (./std.xtr)
\openout5 = `std.xtr'.

 (./std.xtr)
\openout5 = `std.xtr'.


(./std.xtr)
\openout5 = `std.xtr'.

 (./std.xtr [1770])
\openout5 = `std.xtr'.

 (./std.xtr)
\openout5 = `std.xtr'.

 (./std.xtr)
\openout5 = `std.xtr'.

 (./std.xtr)
\openout5 = `std.xtr'.

 (./std.xtr
Underfull \hbox (badness 10000) in paragraph at lines 4--10

 []

)
\openout5 = `std.xtr'.

 (./std.xtr)
\openout5 = `std.xtr'.

 (./std.xtr)
\openout5 = `std.xtr'.

 (./std.xtr)
\openout5 = `std.xtr'.

 (./std.xtr)
\openout5 = `std.xtr'.

 (./std.xtr)
\openout5 = `std.xtr'.

 (./std.xtr)
\openout5 = `std.xtr'.


(./std.xtr)
\openout5 = `std.xtr'.

 (./std.xtr)
\openout5 = `std.xtr'.

 (./std.xtr)
\openout5 = `std.xtr'.

 (./std.xtr)
\openout5 = `std.xtr'.

 (./std.xtr)
\openout5 = `std.xtr'.

 (./std.xtr [1771])
\openout5 = `std.xtr'.


(./std.xtr)
\openout5 = `std.xtr'.

 (./std.xtr)
\openout5 = `std.xtr'.

 (./std.xtr)
\openout5 = `std.xtr'.

 (./std.xtr)
\openout5 = `std.xtr'.

 (./std.xtr)
\openout5 = `std.xtr'.

 (./std.xtr)
\openout5 = `std.xtr'.


(./std.xtr)
\openout5 = `std.xtr'.

 (./std.xtr)
\openout5 = `std.xtr'.

 (./std.xtr)
\openout5 = `std.xtr'.

 (./std.xtr)
\openout5 = `std.xtr'.

 (./std.xtr)
\openout5 = `std.xtr'.

 (./std.xtr)
\openout5 = `std.xtr'.


(./std.xtr)
\openout5 = `std.xtr'.

 (./std.xtr)
\openout5 = `std.xtr'.

 (./std.xtr)
\openout5 = `std.xtr'.

 (./std.xtr)
\openout5 = `std.xtr'.

 (./std.xtr
Underfull \hbox (badness 10000) in paragraph at lines 2--5

 []

)
\openout5 = `std.xtr'.

 (./std.xtr)
\openout5 = `std.xtr'.

 (./std.xtr)
\openout5 = `std.xtr'.

 (./std.xtr [1772])
\openout5 = `std.xtr'.

 (./std.xtr)
\openout5 = `std.xtr'.

 (./std.xtr)
\openout5 = `std.xtr'.

 (./std.xtr)
\openout5 = `std.xtr'.

 (./std.xtr)
\openout5 = `std.xtr'.

 (./std.xtr)
\openout5 = `std.xtr'.

 (./std.xtr)
\openout5 = `std.xtr'.

 (./std.xtr)
\openout5 = `std.xtr'.

 (./std.xtr)
\openout5 = `std.xtr'.

 (./std.xtr)
\openout5 = `std.xtr'.


(./std.xtr)
\openout5 = `std.xtr'.

 (./std.xtr)
\openout5 = `std.xtr'.

 (./std.xtr)
\openout5 = `std.xtr'.

 (./std.xtr)
\openout5 = `std.xtr'.

 (./std.xtr)
\openout5 = `std.xtr'.

 (./std.xtr)
\openout5 = `std.xtr'.


(./std.xtr)
\openout5 = `std.xtr'.

 (./std.xtr)
\openout5 = `std.xtr'.

 (./std.xtr [1773])
\openout5 = `std.xtr'.

 (./std.xtr)
\openout5 = `std.xtr'.

 (./std.xtr)
\openout5 = `std.xtr'.

 (./std.xtr)
\openout5 = `std.xtr'.


(./std.xtr)
\openout5 = `std.xtr'.

 (./std.xtr)
\openout5 = `std.xtr'.

 (./std.xtr)
\openout5 = `std.xtr'.

 (./std.xtr)
\openout5 = `std.xtr'.

 (./std.xtr))) [1774]
\openout2 = `limits.aux'.


(./limits.tex [1775



]) [1776]
\openout2 = `compatibility.aux'.

 (./compatibility.tex [1777



] [1778] [1779] [1780]
[1781] [1782] [1783] [1784] [1785] [1786] [1787] [1788] [1789] [1790] [1791]
[1792] [1793] [1794] [1795] [1796] [1797] [1798] [1799] [1800] [1801] [1802]
[1803] [1804]) [1805]
\openout2 = `future.aux'.

 (./future.tex [1806



] [1807] [1808] [1809] [1810] [1811]
[1812] [1813] [1814] [1815] [1816] [1817] [1818] [1819] [1820] [1821] [1822]
[1823] [1824] [1825] [1826] [1827]) [1828]
\openout2 = `uax31.aux'.

 (./uax31.tex [1829



]) [1830]
\openout2 = `back.aux'.


(./back.tex [1831




] (./xrefindex.gls
Underfull \hbox (badness 10000) in paragraph at lines 1--1

 []

[1832


] [1833] [1834] [1835] [1836] [1837] [1838] [1839] [1840] [1841] [1842]
[1843] [1844] [1845] [1846] [1847] [1848] [1849] [1850] [1851] [1852] [1853]
[1854] [1855] [1856] [1857

]) (./xrefdelta.tex) (./xrefdelta.gls
Underfull \hbox (badness 10000) in paragraph at lines 1--1

 []

[1858



])
runsystem(splitindex -m "" std.idx)...executed.

runsystem(makeindex -s generalindex.ist std-generalindex.idx)...executed.

 (./std-generalindex.ind [1859





] [1860] [1861] [1862] [1863] [1864]
[1865] [1866] [1867] [1868] [1869] [1870] [1871] [1872] [1873] [1874] [1875]
[1876] [1877] [1878] [1879] [1880] [1881] [1882] [1883] [1884] [1885] [1886]
[1887] [1888] [1889] [1890] [1891

])
runsystem(makeindex std-grammarindex.idx)...executed.

 (./std-grammarindex.ind
Underfull \hbox (badness 10000) in paragraph at lines 1--1

 []

[1892





] [1893] [1894] [1895] [1896] [1897

])
runsystem(makeindex std-headerindex.idx)...executed.

 (./std-headerindex.ind
Underfull \hbox (badness 10000) in paragraph at lines 1--1

 []

[1898





] [1899

])
runsystem(makeindex -s libraryindex.ist std-libraryindex.idx)...executed.

 (./std-libraryindex.ind [1900





] [1901] [1902] [1903] [1904]
[1905] [1906] [1907] [1908] [1909] [1910] [1911] [1912] [1913] [1914] [1915]
[1916] [1917] [1918] [1919] [1920] [1921] [1922] [1923] [1924] [1925] [1926]
[1927] [1928] [1929] [1930] [1931] [1932] [1933] [1934] [1935] [1936] [1937]
[1938] [1939] [1940] [1941] [1942] [1943] [1944] [1945] [1946] [1947] [1948]
[1949] [1950] [1951] [1952] [1953] [1954] [1955] [1956] [1957] [1958] [1959]
[1960] [1961] [1962] [1963] [1964] [1965] [1966] [1967] [1968] [1969] [1970]
[1971] [1972] [1973] [1974] [1975] [1976] [1977] [1978

])
runsystem(makeindex std-conceptindex.idx)...executed.


(./std-conceptindex.ind
Underfull \hbox (badness 10000) in paragraph at lines 1--1

 []

[1979





] [1980] [1981])
runsystem(makeindex std-impldefindex.idx)...executed.

 (./std-impldefindex.ind
Underfull \hbox (badness 10000) in paragraph at lines 1--1

 []

[1982





] [1983] [1984] [1985] [1986

]))
\tf@toc=\write10
\openout10 = `std.toc'.

Package atveryend Info: Empty hook `BeforeClearDocument' on input line 161.
Package atveryend Info: Empty hook `AfterLastShipout' on input line 161.
 (./std.aux (./front.aux) (./intro.aux)
(./lex.aux) (./basic.aux) (./expressions.aux) (./statements.aux)
(./declarations.aux) (./modules.aux) (./classes.aux) (./overloading.aux)
(./templates.aux) (./exceptions.aux) (./preprocessor.aux) (./lib-intro.aux)
(./support.aux) (./concepts.aux) (./diagnostics.aux) (./memory.aux) (./meta.aux
) (./utilities.aux) (./strings.aux) (./containers.aux) (./iterators.aux)
(./ranges.aux) (./algorithms.aux) (./numerics.aux) (./time.aux) (./locales.aux)
(./iostreams.aux) (./regex.aux) (./threads.aux) (./grammar.aux) (./limits.aux)
(./compatibility.aux) (./future.aux) (./uax31.aux) (./back.aux))
Package atveryend Info: Executing hook `AtVeryEndDocument' on input line 161.
Package atveryend Info: Executing hook `AtEndAfterFileList' on input line 161.
Package rerunfilecheck Info: File `std.out' has not changed.
(rerunfilecheck)             Checksum: FE412E9A3F144D3A673E7B53EA29E5BA;259484.

Package atveryend Info: Empty hook `AtVeryVeryEnd' on input line 161.
 ) 
Here is how much of TeX's memory you used:
 48402 strings out of 483183
 754875 string characters out of 5966292
 1038405 words of memory out of 5000000
 47995 multiletter control sequences out of 15000+600000
 770470 words of font info for 510 fonts, out of 8000000 for 9000
 22 hyphenation exceptions out of 8191
 52i,16n,99p,508b,2979s stack positions out of 5000i,500n,10000p,200000b,80000s
{/usr/share/texmf/fonts/enc/dvips/lm/lm-ts1.enc}{/usr/share/texmf/fonts/enc/d
vips/lm/lm-mathsy.enc}{/usr/share/texmf/fonts/enc/dvips/lm/lm-rm.enc}{/usr/shar
e/texmf/fonts/enc/dvips/lm/lm-ec.enc}{/usr/share/texmf/fonts/enc/dvips/lm/lm-ma
thex.enc}{/usr/share/texmf/fonts/enc/dvips/lm/lm-rmtt.enc}{/usr/share/texmf/fon
ts/enc/dvips/lm/lm-mathit.enc}</usr/share/texmf/fonts/type1/public/lm/lmbx10.pf
b></usr/share/texmf/fonts/type1/public/lm/lmbx12.pfb></usr/share/texmf/fonts/ty
pe1/public/lm/lmbx7.pfb></usr/share/texmf/fonts/type1/public/lm/lmbx8.pfb></usr
/share/texmf/fonts/type1/public/lm/lmbx9.pfb></usr/share/texmf/fonts/type1/publ
ic/lm/lmbxi10.pfb></usr/share/texmf/fonts/type1/public/lm/lmcsc10.pfb></usr/sha
re/texmf/fonts/type1/public/lm/lmcsco10.pfb></usr/share/texmf/fonts/type1/publi
c/lm/lmex10.pfb></usr/share/texmf/fonts/type1/public/lm/lmmi10.pfb></usr/share/
texmf/fonts/type1/public/lm/lmmi6.pfb></usr/share/texmf/fonts/type1/public/lm/l
mmi7.pfb></usr/share/texmf/fonts/type1/public/lm/lmmi8.pfb></usr/share/texmf/fo
nts/type1/public/lm/lmmi9.pfb></usr/share/texmf/fonts/type1/public/lm/lmr10.pfb
></usr/share/texmf/fonts/type1/public/lm/lmr12.pfb></usr/share/texmf/fonts/type
1/public/lm/lmr5.pfb></usr/share/texmf/fonts/type1/public/lm/lmr6.pfb></usr/sha
re/texmf/fonts/type1/public/lm/lmr7.pfb></usr/share/texmf/fonts/type1/public/lm
/lmr8.pfb></usr/share/texmf/fonts/type1/public/lm/lmr9.pfb></usr/share/texmf/fo
nts/type1/public/lm/lmri10.pfb></usr/share/texmf/fonts/type1/public/lm/lmri7.pf
b></usr/share/texmf/fonts/type1/public/lm/lmri8.pfb></usr/share/texmf/fonts/typ
e1/public/lm/lmri9.pfb></usr/share/texmf/fonts/type1/public/lm/lmss10.pfb></usr
/share/texmf/fonts/type1/public/lm/lmss9.pfb></usr/share/texmf/fonts/type1/publ
ic/lm/lmssbo10.pfb></usr/share/texmf/fonts/type1/public/lm/lmsso10.pfb></usr/sh
are/texmf/fonts/type1/public/lm/lmsso8.pfb></usr/share/texmf/fonts/type1/public
/lm/lmsso9.pfb></usr/share/texmf/fonts/type1/public/lm/lmsy10.pfb></usr/share/t
exmf/fonts/type1/public/lm/lmsy6.pfb></usr/share/texmf/fonts/type1/public/lm/lm
sy7.pfb></usr/share/texmf/fonts/type1/public/lm/lmsy8.pfb></usr/share/texmf/fon
ts/type1/public/lm/lmsy9.pfb></usr/share/texmf/fonts/type1/public/lm/lmtk10.pfb
></usr/share/texmf/fonts/type1/public/lm/lmtko10.pfb></usr/share/texmf/fonts/ty
pe1/public/lm/lmtt10.pfb></usr/share/texmf/fonts/type1/public/lm/lmtt12.pfb></u
sr/share/texmf/fonts/type1/public/lm/lmtt8.pfb></usr/share/texmf/fonts/type1/pu
blic/lm/lmtt9.pfb></usr/share/texmf/fonts/type1/public/lm/lmtti10.pfb></usr/sha
re/texlive/texmf-dist/fonts/type1/public/rsfs/rsfs10.pfb>
Output written on std.pdf (1995 pages, 7504011 bytes).
PDF statistics:
 61773 PDF objects out of 66169 (max. 8388607)
 59122 compressed objects within 592 object streams
 12592 named destinations out of 12825 (max. 500000)
 107959 words of extra memory for PDF output out of 128383 (max. 10000000)

